[    0.000000] Linux version 4.15.0-206-generic (buildd@lcy02-amd64-070) (gcc version 7.5.0 (Ubuntu 7.5.0-3ubuntu1~18.04)) #217-Ubuntu SMP Fri Feb 3 19:10:13 UTC 2023 (Ubuntu 4.15.0-206.217-generic 4.15.18)
[    0.000000] Command line: BOOT_IMAGE=/boot/vmlinuz-4.15.0-206-generic root=LABEL=cloudimg-rootfs ro console=tty1 console=ttyS0
[    0.000000] KERNEL supported cpus:
[    0.000000]   Intel GenuineIntel
[    0.000000]   AMD AuthenticAMD
[    0.000000]   Centaur CentaurHauls
[    0.000000] x86/fpu: Supporting XSAVE feature 0x001: 'x87 floating point registers'
[    0.000000] x86/fpu: Supporting XSAVE feature 0x002: 'SSE registers'
[    0.000000] x86/fpu: Supporting XSAVE feature 0x004: 'AVX registers'
[    0.000000] x86/fpu: xstate_offset[2]:  576, xstate_sizes[2]:  256
[    0.000000] x86/fpu: Enabled xstate features 0x7, context size is 832 bytes, using 'standard' format.
[    0.000000] e820: BIOS-provided physical RAM map:
[    0.000000] BIOS-e820: [mem 0x0000000000000000-0x000000000009fbff] usable
[    0.000000] BIOS-e820: [mem 0x000000000009fc00-0x000000000009ffff] reserved
[    0.000000] BIOS-e820: [mem 0x00000000000f0000-0x00000000000fffff] reserved
[    0.000000] BIOS-e820: [mem 0x0000000000100000-0x0000000063feffff] usable
[    0.000000] BIOS-e820: [mem 0x0000000063ff0000-0x0000000063ffffff] ACPI data
[    0.000000] BIOS-e820: [mem 0x00000000fec00000-0x00000000fec00fff] reserved
[    0.000000] BIOS-e820: [mem 0x00000000fee00000-0x00000000fee00fff] reserved
[    0.000000] BIOS-e820: [mem 0x00000000fffc0000-0x00000000ffffffff] reserved
[    0.000000] NX (Execute Disable) protection: active
[    0.000000] SMBIOS 2.5 present.
[    0.000000] DMI: innotek GmbH VirtualBox/VirtualBox, BIOS VirtualBox 12/01/2006
[    0.000000] Hypervisor detected: KVM
[    0.000000] e820: last_pfn = 0x63ff0 max_arch_pfn = 0x400000000
[    0.000000] MTRR: Disabled
[    0.000000] x86/PAT: MTRRs disabled, skipping PAT initialization too.
[    0.000000] CPU MTRRs all blank - virtualized system.
[    0.000000] x86/PAT: Configuration [0-7]: WB  WT  UC- UC  WB  WT  UC- UC  
[    0.000000] found SMP MP-table at [mem 0x0009fff0-0x0009ffff]
[    0.000000] Scanning 1 areas for low memory corruption
[    0.000000] RAMDISK: [mem 0x359c9000-0x36cdbfff]
[    0.000000] ACPI: Early table checksum verification disabled
[    0.000000] ACPI: RSDP 0x00000000000E0000 000024 (v02 VBOX  )
[    0.000000] ACPI: XSDT 0x0000000063FF0030 00003C (v01 VBOX   VBOXXSDT 00000001 ASL  00000061)
[    0.000000] ACPI: FACP 0x0000000063FF00F0 0000F4 (v04 VBOX   VBOXFACP 00000001 ASL  00000061)
[    0.000000] ACPI: DSDT 0x0000000063FF0470 002325 (v02 VBOX   VBOXBIOS 00000002 INTL 20200925)
[    0.000000] ACPI: FACS 0x0000000063FF0200 000040
[    0.000000] ACPI: FACS 0x0000000063FF0200 000040
[    0.000000] ACPI: APIC 0x0000000063FF0240 00005C (v02 VBOX   VBOXAPIC 00000001 ASL  00000061)
[    0.000000] ACPI: SSDT 0x0000000063FF02A0 0001CC (v01 VBOX   VBOXCPUT 00000002 INTL 20200925)
[    0.000000] ACPI: Reserving FACP table memory at [mem 0x63ff00f0-0x63ff01e3]
[    0.000000] ACPI: Reserving DSDT table memory at [mem 0x63ff0470-0x63ff2794]
[    0.000000] ACPI: Reserving FACS table memory at [mem 0x63ff0200-0x63ff023f]
[    0.000000] ACPI: Reserving FACS table memory at [mem 0x63ff0200-0x63ff023f]
[    0.000000] ACPI: Reserving APIC table memory at [mem 0x63ff0240-0x63ff029b]
[    0.000000] ACPI: Reserving SSDT table memory at [mem 0x63ff02a0-0x63ff046b]
[    0.000000] No NUMA configuration found
[    0.000000] Faking a node at [mem 0x0000000000000000-0x0000000063feffff]
[    0.000000] NODE_DATA(0) allocated [mem 0x63fc5000-0x63feffff]
[    0.000000] kvm-clock: cpu 0, msr 0:63f44001, primary cpu clock
[    0.000000] kvm-clock: Using msrs 4b564d01 and 4b564d00
[    0.000000] kvm-clock: using sched offset of 3081141407 cycles
[    0.000000] clocksource: kvm-clock: mask: 0xffffffffffffffff max_cycles: 0x1cd42e4dffb, max_idle_ns: 881590591483 ns
[    0.000000] Zone ranges:
[    0.000000]   DMA      [mem 0x0000000000001000-0x0000000000ffffff]
[    0.000000]   DMA32    [mem 0x0000000001000000-0x0000000063feffff]
[    0.000000]   Normal   empty
[    0.000000]   Device   empty
[    0.000000] Movable zone start for each node
[    0.000000] Early memory node ranges
[    0.000000]   node   0: [mem 0x0000000000001000-0x000000000009efff]
[    0.000000]   node   0: [mem 0x0000000000100000-0x0000000063feffff]
[    0.000000] Reserved but unavailable: 104 pages
[    0.000000] Initmem setup node 0 [mem 0x0000000000001000-0x0000000063feffff]
[    0.000000] ACPI: PM-Timer IO Port: 0x4008
[    0.000000] IOAPIC[0]: apic_id 2, version 32, address 0xfec00000, GSI 0-23
[    0.000000] ACPI: INT_SRC_OVR (bus 0 bus_irq 0 global_irq 2 dfl dfl)
[    0.000000] ACPI: INT_SRC_OVR (bus 0 bus_irq 9 global_irq 9 low level)
[    0.000000] Using ACPI (MADT) for SMP configuration information
[    0.000000] smpboot: Allowing 2 CPUs, 0 hotplug CPUs
[    0.000000] PM: Registered nosave memory: [mem 0x00000000-0x00000fff]
[    0.000000] PM: Registered nosave memory: [mem 0x0009f000-0x0009ffff]
[    0.000000] PM: Registered nosave memory: [mem 0x000a0000-0x000effff]
[    0.000000] PM: Registered nosave memory: [mem 0x000f0000-0x000fffff]
[    0.000000] e820: [mem 0x64000000-0xfebfffff] available for PCI devices
[    0.000000] Booting paravirtualized kernel on KVM
[    0.000000] clocksource: refined-jiffies: mask: 0xffffffff max_cycles: 0xffffffff, max_idle_ns: 7645519600211568 ns
[    0.000000] setup_percpu: NR_CPUS:8192 nr_cpumask_bits:2 nr_cpu_ids:2 nr_node_ids:1
[    0.000000] percpu: Embedded 50 pages/cpu s167936 r8192 d28672 u1048576
[    0.000000] PV qspinlock hash table entries: 256 (order: 0, 4096 bytes)
[    0.000000] Built 1 zonelists, mobility grouping on.  Total pages: 403065
[    0.000000] Policy zone: DMA32
[    0.000000] Kernel command line: BOOT_IMAGE=/boot/vmlinuz-4.15.0-206-generic root=LABEL=cloudimg-rootfs ro console=tty1 console=ttyS0
[    0.000000] Memory: 1562224K/1637944K available (12300K kernel code, 2477K rwdata, 4324K rodata, 2480K init, 2720K bss, 75720K reserved, 0K cma-reserved)
[    0.000000] SLUB: HWalign=64, Order=0-3, MinObjects=0, CPUs=2, Nodes=1
[    0.000000] Kernel/User page tables isolation: enabled
[    0.000000] ftrace: allocating 39485 entries in 155 pages
[    0.004000] Hierarchical RCU implementation.
[    0.004000] 	RCU restricting CPUs from NR_CPUS=8192 to nr_cpu_ids=2.
[    0.004000] 	Tasks RCU enabled.
[    0.004000] RCU: Adjusting geometry for rcu_fanout_leaf=16, nr_cpu_ids=2
[    0.004000] NR_IRQS: 524544, nr_irqs: 440, preallocated irqs: 16
[    0.004000] random: crng init done
[    0.004000] Console: colour VGA+ 80x25
[    0.004000] console [tty1] enabled
[    0.004000] console [ttyS0] enabled
[    0.004000] ACPI: Core revision 20170831
[    0.004000] ACPI: 2 ACPI AML tables successfully acquired and loaded
[    0.004000] APIC: Switch to symmetric I/O mode setup
[    0.004000] x2apic enabled
[    0.004000] Switched APIC routing to physical x2apic.
[    0.004000] ..TIMER: vector=0x30 apic1=0 pin1=2 apic2=-1 pin2=-1
[    0.004000] tsc: Detected 2495.998 MHz processor
[    0.004000] Calibrating delay loop (skipped) preset value.. 4991.99 BogoMIPS (lpj=9983992)
[    0.004003] pid_max: default: 32768 minimum: 301
[    0.004539] Security Framework initialized
[    0.005002] Yama: becoming mindful.
[    0.005420] AppArmor: AppArmor initialized
[    0.006431] Dentry cache hash table entries: 262144 (order: 9, 2097152 bytes)
[    0.007616] Inode-cache hash table entries: 131072 (order: 8, 1048576 bytes)
[    0.008012] Mount-cache hash table entries: 4096 (order: 3, 32768 bytes)
[    0.008731] Mountpoint-cache hash table entries: 4096 (order: 3, 32768 bytes)
[    0.009677] Last level iTLB entries: 4KB 64, 2MB 8, 4MB 8
[    0.010271] Last level dTLB entries: 4KB 64, 2MB 0, 4MB 0, 1GB 4
[    0.010919] Spectre V1 : Mitigation: usercopy/swapgs barriers and __user pointer sanitization
[    0.012001] Spectre V2 : Mitigation: Retpolines
[    0.012514] Spectre V2 : Spectre v2 / SpectreRSB mitigation: Filling RSB on context switch
[    0.013406] Spectre V2 : Spectre v2 / SpectreRSB : Filling RSB on VMEXIT
[    0.014112] RETBleed: WARNING: Spectre v2 mitigation leaves CPU vulnerable to RETBleed attacks, data leaks possible!
[    0.015219] RETBleed: Vulnerable
[    0.016001] Speculative Store Bypass: Vulnerable
[    0.016594] MDS: Mitigation: Clear CPU buffers
[    0.017089] MMIO Stale Data: Mitigation: Clear CPU buffers
[    0.017684] SRBDS: Unknown: Dependent on hypervisor status
[    0.018406] Freeing SMP alternatives memory: 36K
[    0.129053] smpboot: CPU0: Intel(R) Core(TM) i5-10300H CPU @ 2.50GHz (family: 0x6, model: 0xa5, stepping: 0x2)
[    0.130380] Performance Events: unsupported p6 CPU model 165 no PMU driver, software events only.
[    0.131360] Hierarchical SRCU implementation.
[    0.132000] NMI watchdog: Perf event create on CPU 0 failed with -2
[    0.132000] NMI watchdog: Perf NMI watchdog permanently disabled
[    0.132029] smp: Bringing up secondary CPUs ...
[    0.132584] x86: Booting SMP configuration:
[    0.133054] .... node  #0, CPUs:      #1
[    0.004000] kvm-clock: cpu 1, msr 0:63f44041, secondary cpu clock
[    0.136021] smp: Brought up 1 node, 2 CPUs
[    0.136489] smpboot: Max logical packages: 1
[    0.136969] smpboot: Total of 2 processors activated (9983.99 BogoMIPS)
[    0.137767] devtmpfs: initialized
[    0.137767] x86/mm: Memory block size: 128MB
[    0.137767] evm: security.selinux
[    0.140003] evm: security.SMACK64
[    0.140414] evm: security.SMACK64EXEC
[    0.140835] evm: security.SMACK64TRANSMUTE
[    0.141296] evm: security.SMACK64MMAP
[    0.141713] evm: security.apparmor
[    0.142107] evm: security.ima
[    0.142462] evm: security.capability
[    0.142892] clocksource: jiffies: mask: 0xffffffff max_cycles: 0xffffffff, max_idle_ns: 7645041785100000 ns
[    0.144005] futex hash table entries: 512 (order: 3, 32768 bytes)
[    0.144699] pinctrl core: initialized pinctrl subsystem
[    0.145337] RTC time:  3:58:14, date: 04/03/23
[    0.145952] NET: Registered protocol family 16
[    0.146510] audit: initializing netlink subsys (disabled)
[    0.147110] audit: type=2000 audit(1680494298.695:1): state=initialized audit_enabled=0 res=1
[    0.148006] cpuidle: using governor ladder
[    0.148492] cpuidle: using governor menu
[    0.148992] ACPI: bus type PCI registered
[    0.149485] acpiphp: ACPI Hot Plug PCI Controller Driver version: 0.5
[    0.150232] PCI: Using configuration type 1 for base access
[    0.152432] HugeTLB registered 2.00 MiB page size, pre-allocated 0 pages
[    0.152831] ACPI: Added _OSI(Module Device)
[    0.152831] ACPI: Added _OSI(Processor Device)
[    0.153021] ACPI: Added _OSI(3.0 _SCP Extensions)
[    0.153539] ACPI: Added _OSI(Processor Aggregator Device)
[    0.154155] ACPI: Added _OSI(Linux-Dell-Video)
[    0.156002] ACPI: Added _OSI(Linux-Lenovo-NV-HDMI-Audio)
[    0.156608] ACPI: Added _OSI(Linux-HPI-Hybrid-Graphics)
[    0.157360] ACPI: Executed 1 blocks of module-level executable AML code
[    0.160546] ACPI: Interpreter enabled
[    0.160991] ACPI: (supports S0 S5)
[    0.161385] ACPI: Using IOAPIC for interrupt routing
[    0.162071] PCI: Using host bridge windows from ACPI; if necessary, use "pci=nocrs" and report a bug
[    0.163150] ACPI: Enabled 2 GPEs in block 00 to 07
[    0.167432] ACPI: PCI Root Bridge [PCI0] (domain 0000 [bus 00-ff])
[    0.168005] acpi PNP0A03:00: _OSC: OS supports [ASPM ClockPM Segments MSI]
[    0.169065] acpi PNP0A03:00: _OSC: not requesting OS control; OS requires [ExtendedConfig ASPM ClockPM MSI]
[    0.170119] acpi PNP0A03:00: fail to add MMCONFIG information, can't access extended PCI configuration space under this bridge.
[    0.171580] PCI host bridge to bus 0000:00
[    0.172002] pci_bus 0000:00: root bus resource [io  0x0000-0x0cf7 window]
[    0.172728] pci_bus 0000:00: root bus resource [io  0x0d00-0xffff window]
[    0.173444] pci_bus 0000:00: root bus resource [mem 0x000a0000-0x000bffff window]
[    0.174260] pci_bus 0000:00: root bus resource [mem 0x64000000-0xfdffffff window]
[    0.175107] pci_bus 0000:00: root bus resource [bus 00-ff]
[    0.177193] pci 0000:00:01.1: legacy IDE quirk: reg 0x10: [io  0x01f0-0x01f7]
[    0.177941] pci 0000:00:01.1: legacy IDE quirk: reg 0x14: [io  0x03f6]
[    0.178637] pci 0000:00:01.1: legacy IDE quirk: reg 0x18: [io  0x0170-0x0177]
[    0.179418] pci 0000:00:01.1: legacy IDE quirk: reg 0x1c: [io  0x0376]
[    0.193128] pci 0000:00:07.0: quirk: [io  0x4000-0x403f] claimed by PIIX4 ACPI
[    0.194043] pci 0000:00:07.0: quirk: [io  0x4100-0x410f] claimed by PIIX4 SMB
[    0.201482] ACPI: PCI Interrupt Link [LNKA] (IRQs 5 9 10 *11)
[    0.202432] ACPI: PCI Interrupt Link [LNKB] (IRQs 5 9 *10 11)
[    0.203153] ACPI: PCI Interrupt Link [LNKC] (IRQs 5 *9 10 11)
[    0.203887] ACPI: PCI Interrupt Link [LNKD] (IRQs 5 9 10 *11)
[    0.204269] SCSI subsystem initialized
[    0.204744] pci 0000:00:02.0: vgaarb: setting as boot VGA device
[    0.204744] pci 0000:00:02.0: vgaarb: VGA device added: decodes=io+mem,owns=io+mem,locks=none
[    0.205631] pci 0000:00:02.0: vgaarb: bridge control possible
[    0.206318] vgaarb: loaded
[    0.208022] ACPI: bus type USB registered
[    0.208517] usbcore: registered new interface driver usbfs
[    0.209115] usbcore: registered new interface driver hub
[    0.209693] usbcore: registered new device driver usb
[    0.210275] EDAC MC: Ver: 3.0.0
[    0.210275] PCI: Using ACPI for IRQ routing
[    0.212131] NetLabel: Initializing
[    0.212538] NetLabel:  domain hash size = 128
[    0.213042] NetLabel:  protocols = UNLABELED CIPSOv4 CALIPSO
[    0.213666] NetLabel:  unlabeled traffic allowed by default
[    0.214281] clocksource: Switched to clocksource kvm-clock
[    0.220349] VFS: Disk quotas dquot_6.6.0
[    0.220825] VFS: Dquot-cache hash table entries: 512 (order 0, 4096 bytes)
[    0.221657] AppArmor: AppArmor Filesystem Enabled
[    0.222197] pnp: PnP ACPI init
[    0.223186] pnp: PnP ACPI: found 3 devices
[    0.230639] clocksource: acpi_pm: mask: 0xffffff max_cycles: 0xffffff, max_idle_ns: 2085701024 ns
[    0.231707] NET: Registered protocol family 2
[    0.232261] IP idents hash table entries: 32768 (order: 6, 262144 bytes)
[    0.233248] TCP established hash table entries: 16384 (order: 5, 131072 bytes)
[    0.234075] TCP bind hash table entries: 16384 (order: 6, 262144 bytes)
[    0.235181] TCP: Hash tables configured (established 16384 bind 16384)
[    0.235914] UDP hash table entries: 1024 (order: 3, 32768 bytes)
[    0.236618] UDP-Lite hash table entries: 1024 (order: 3, 32768 bytes)
[    0.237386] NET: Registered protocol family 1
[    0.237888] pci 0000:00:00.0: Limiting direct PCI/PCI transfers
[    0.238540] pci 0000:00:01.0: Activating ISA DMA hang workarounds
[    0.239220] pci 0000:00:02.0: Video device with shadowed ROM at [mem 0x000c0000-0x000dffff]
[    0.240191] Unpacking initramfs...
[    0.447127] Freeing initrd memory: 19532K
[    0.447794] clocksource: tsc: mask: 0xffffffffffffffff max_cycles: 0x23fa754787d, max_idle_ns: 440795210092 ns
[    0.448978] platform rtc_cmos: registered platform RTC device (no PNP device found)
[    0.449893] Scanning for low memory corruption every 60 seconds
[    0.451076] Initialise system trusted keyrings
[    0.451588] Key type blacklist registered
[    0.452605] workingset: timestamp_bits=36 max_order=19 bucket_order=0
[    0.453962] zbud: loaded
[    0.454701] squashfs: version 4.0 (2009/01/31) Phillip Lougher
[    0.455471] fuse init (API version 7.26)
[    0.457488] Key type asymmetric registered
[    0.458289] Asymmetric key parser 'x509' registered
[    0.458837] Block layer SCSI generic (bsg) driver version 0.4 loaded (major 246)
[    0.459724] io scheduler noop registered
[    0.460206] io scheduler deadline registered
[    0.460733] io scheduler cfq registered (default)
[    0.461565] ACPI: AC Adapter [AC] (on-line)
[    0.462065] input: Power Button as /devices/LNXSYSTM:00/LNXPWRBN:00/input/input0
[    0.462945] ACPI: Power Button [PWRF]
[    0.463417] input: Sleep Button as /devices/LNXSYSTM:00/LNXSLPBN:00/input/input1
[    0.464302] ACPI: Sleep Button [SLPF]
[    0.465418] ACPI: Battery Slot [BAT0] (battery present)
[    0.466170] Serial: 8250/16550 driver, 32 ports, IRQ sharing enabled
[    0.487365] 00:02: ttyS0 at I/O 0x3f8 (irq = 4, base_baud = 115200) is a 16550A
[    0.489921] Linux agpgart interface v0.103
[    0.491221] loop: module loaded
[    0.491930] scsi host0: ata_piix
[    0.492398] scsi host1: ata_piix
[    0.492803] ata1: PATA max UDMA/33 cmd 0x1f0 ctl 0x3f6 bmdma 0xd000 irq 14
[    0.493587] ata2: PATA max UDMA/33 cmd 0x170 ctl 0x376 bmdma 0xd008 irq 15
[    0.494383] tun: Universal TUN/TAP device driver, 1.6
[    0.494988] PPP generic driver version 2.4.2
[    0.495577] ehci_hcd: USB 2.0 'Enhanced' Host Controller (EHCI) Driver
[    0.496300] ehci-pci: EHCI PCI platform driver
[    0.496813] ehci-platform: EHCI generic platform driver
[    0.497439] ohci_hcd: USB 1.1 'Open' Host Controller (OHCI) Driver
[    0.498110] ohci-pci: OHCI PCI platform driver
[    0.498620] ohci-platform: OHCI generic platform driver
[    0.499202] uhci_hcd: USB Universal Host Controller Interface driver
[    0.499920] i8042: PNP: PS/2 Controller [PNP0303:PS2K,PNP0f03:PS2M] at 0x60,0x64 irq 1,12
[    0.501250] serio: i8042 KBD port at 0x60,0x64 irq 1
[    0.501806] serio: i8042 AUX port at 0x60,0x64 irq 12
[    0.502488] mousedev: PS/2 mouse device common for all mice
[    0.503450] input: AT Translated Set 2 keyboard as /devices/platform/i8042/serio0/input/input2
[    0.504040] rtc_cmos rtc_cmos: rtc core: registered rtc_cmos as rtc0
[    0.505199] rtc_cmos rtc_cmos: alarms up to one day, 114 bytes nvram
[    0.505952] i2c /dev entries driver
[    0.506440] device-mapper: uevent: version 1.0.3
[    0.507000] device-mapper: ioctl: 4.37.0-ioctl (2017-09-20) initialised: dm-devel@redhat.com
[    0.507971] ledtrig-cpu: registered to indicate activity on CPUs
[    0.508922] NET: Registered protocol family 10
[    0.511832] Segment Routing with IPv6
[    0.512355] NET: Registered protocol family 17
[    0.512982] Key type dns_resolver registered
[    0.513722] mce: Using 0 MCE banks
[    0.514143] RAS: Correctable Errors collector initialized.
[    0.514766] sched_clock: Marking stable (513672973, 0)->(618986478, -105313505)
[    0.515829] registered taskstats version 1
[    0.516377] Loading compiled-in X.509 certificates
[    0.518615] Loaded X.509 cert 'Build time autogenerated kernel key: 4d405f87ce750406625b929cd2e51cc76ab5bcf4'
[    0.520094] Loaded X.509 cert 'Canonical Ltd. Live Patch Signing: 14df34d1a87cf37625abec039ef2bf521249b969'
[    0.521650] Loaded X.509 cert 'Canonical Ltd. Kernel Module Signing: 88f752e560a1e0737e31163a466ad7b70a850c19'
[    0.522751] blacklist: Loading compiled-in revocation X.509 certificates
[    0.523499] Loaded X.509 cert 'Canonical Ltd. Secure Boot Signing: 61482aa2830d0ab2ad5af10b7250da9033ddcef0'
[    0.524642] Loaded X.509 cert 'Canonical Ltd. Secure Boot Signing (2017): 242ade75ac4a15e50d50c84b0d45ff3eae707a03'
[    0.525886] Loaded X.509 cert 'Canonical Ltd. Secure Boot Signing (ESM 2018): 365188c1d374d6b07c3c8f240f8ef722433d6a8b'
[    0.527148] Loaded X.509 cert 'Canonical Ltd. Secure Boot Signing (2019): c0746fd6c5da3ae827864651ad66ae47fe24b3e8'
[    0.528346] Loaded X.509 cert 'Canonical Ltd. Secure Boot Signing (2021 v1): a8d54bbb3825cfb94fa13c9f8a594a195c107b8d'
[    0.529554] Loaded X.509 cert 'Canonical Ltd. Secure Boot Signing (2021 v2): 4cf046892d6fd3c9a5b03f98d845f90851dc6a8c'
[    0.530751] Loaded X.509 cert 'Canonical Ltd. Secure Boot Signing (2021 v3): 100437bb6de6e469b581e61cd66bce3ef4ed53af'
[    0.531954] Loaded X.509 cert 'Canonical Ltd. Secure Boot Signing (Ubuntu Core 2019): c1d57b8f6b743f23ee41f4f7ee292f06eecadfb9'
[    0.533297] zswap: loaded using pool lzo/zbud
[    0.537283] Key type big_key registered
[    0.537750] Key type trusted registered
[    0.539225] Key type encrypted registered
[    0.539727] AppArmor: AppArmor sha1 policy hashing enabled
[    0.540380] ima: No TPM chip found, activating TPM-bypass! (rc=-19)
[    0.541103] ima: Allocated hash algorithm: sha1
[    0.541683] evm: HMAC attrs: 0x1
[    0.542227]   Magic number: 3:968:966
[    0.542766] rtc_cmos rtc_cmos: setting system clock to 2023-04-03 03:58:14 UTC (1680494294)
[    0.543751] BIOS EDD facility v0.16 2004-Jun-25, 0 devices found
[    0.544442] EDD information not available.
[    0.709544] Freeing unused kernel image memory: 2480K
[    0.720155] Write protecting the kernel read-only data: 20480k
[    0.722680] Freeing unused kernel image memory: 2008K
[    0.724640] Freeing unused kernel image memory: 1820K
[    0.732290] x86/mm: Checked W+X mappings: passed, no W+X pages found.
[    0.733009] x86/mm: Checking user space page tables
[    0.739279] x86/mm: Checked W+X mappings: passed, no W+X pages found.
Loading, please wait...
starting version 237
[    0.791575] e1000: Intel(R) PRO/1000 Network Driver - version 7.3.21-k8-NAPI
[    0.792715] e1000: Copyright (c) 1999-2006 Intel Corporation.
[    0.795499] Fusion MPT base driver 3.04.20
[    0.796148] Copyright (c) 1999-2008 LSI Corporation
[    0.812811] AVX2 version of gcm_enc/dec engaged.
[    0.813560] AES CTR mode by8 optimization enabled
[    0.815279] Fusion MPT SPI Host driver 3.04.20
[    1.014249] input: ImExPS/2 Generic Explorer Mouse as /devices/platform/i8042/serio1/input/input4
[    1.159414] e1000 0000:00:03.0 eth0: (PCI:33MHz:32-bit) 02:68:0a:01:d2:87
[    1.160417] e1000 0000:00:03.0 eth0: Intel(R) PRO/1000 Network Connection
[    1.815939] e1000 0000:00:08.0 eth1: (PCI:33MHz:32-bit) 08:00:27:35:1c:e4
[    1.817849] e1000 0000:00:08.0 eth1: Intel(R) PRO/1000 Network Connection
[    1.820095] e1000 0000:00:08.0 enp0s8: renamed from eth1
[    1.835960] mptbase: ioc0: Initiating bringup
[    1.848525] e1000 0000:00:03.0 enp0s3: renamed from eth0
[    1.945017] ioc0: LSI53C1030 A0: Capabilities={Initiator}
[    2.189090] scsi host2: ioc0: LSI53C1030 A0, FwRev=00000000h, Ports=1, MaxQ=256, IRQ=20
[    2.357134] scsi 2:0:0:0: Direct-Access     VBOX     HARDDISK         1.0  PQ: 0 ANSI: 5
[    2.782702] scsi target2:0:0: Beginning Domain Validation
[    2.787890] scsi target2:0:0: Domain Validation skipping write tests
[    2.788592] scsi target2:0:0: Ending Domain Validation
[    2.789200] scsi target2:0:0: asynchronous
[    2.789888] scsi 2:0:1:0: Direct-Access     VBOX     HARDDISK         1.0  PQ: 0 ANSI: 5
[    3.456374] scsi target2:0:1: Beginning Domain Validation
[    3.462248] scsi target2:0:1: Domain Validation skipping write tests
[    3.465729] scsi target2:0:1: Ending Domain Validation
[    3.468641] scsi target2:0:1: asynchronous
[    3.472280] sd 2:0:0:0: Attached scsi generic sg0 type 0
[    3.472908] sd 2:0:0:0: [sda] 83886080 512-byte logical blocks: (42.9 GB/40.0 GiB)
[    3.473983] sd 2:0:0:0: [sda] Write Protect is off
[    3.474754] sd 2:0:1:0: Attached scsi generic sg1 type 0
[    3.474811] sd 2:0:0:0: [sda] Incomplete mode parameter data
[    3.476039] sd 2:0:0:0: [sda] Assuming drive cache: write through
[    3.476861] sd 2:0:1:0: [sdb] 20480 512-byte logical blocks: (10.5 MB/10.0 MiB)
[    3.477833] sd 2:0:1:0: [sdb] Write Protect is off
[    3.478532] sd 2:0:1:0: [sdb] Incomplete mode parameter data
[    3.479173] sd 2:0:1:0: [sdb] Assuming drive cache: write through
[    3.482879]  sda: sda1
[    3.483706] sd 2:0:0:0: [sda] Attached SCSI disk
[    3.484471] sd 2:0:1:0: [sdb] Attached SCSI disk
Begin: Loading essential drivers ... [    4.888058] raid6: sse2x1   gen() 15042 MB/s
[    4.936058] raid6: sse2x1   xor()  8853 MB/s
[    4.984055] raid6: sse2x2   gen() 18439 MB/s
[    5.032056] raid6: sse2x2   xor() 11876 MB/s
[    5.080056] raid6: sse2x4   gen() 17168 MB/s
[    5.128054] raid6: sse2x4   xor() 11452 MB/s
[    5.176057] raid6: avx2x1   gen() 30078 MB/s
[    5.224055] raid6: avx2x1   xor() 17367 MB/s
[    5.272193] raid6: avx2x2   gen() 34875 MB/s
[    5.320058] raid6: avx2x2   xor() 22330 MB/s
[    5.368055] raid6: avx2x4   gen() 34794 MB/s
[    5.416061] raid6: avx2x4   xor() 23112 MB/s
[    5.416571] raid6: using algorithm avx2x2 gen() 34875 MB/s
[    5.417221] raid6: .... xor() 22330 MB/s, rmw enabled
[    5.417770] raid6: using avx2x2 recovery algorithm
[    5.419061] xor: automatically using best checksumming function   avx       
[    5.420763] async_tx: api initialized (async)
done.
Begin: Running /scripts/init-premount ... done.
Begin: Mounting root file system ... Begin: Running /scripts/local-top ... done.
Begin: Running /scripts/local-premount ... [    5.452176] Btrfs loaded, crc32c=crc32c-intel
Scanning for Btrfs filesystems
done.
Warning: fsck not present, so skipping root file system
[    5.472312] EXT4-fs (sda1): mounted filesystem with ordered data mode. Opts: (null)
done.
Begin: Running /scripts/local-bottom ... done.
Begin: Running /scripts/init-bottom ... done.
[    5.654496] ip_tables: (C) 2000-2006 Netfilter Core Team
[    5.660907] systemd[1]: systemd 237 running in system mode. (+PAM +AUDIT +SELINUX +IMA +APPARMOR +SMACK +SYSVINIT +UTMP +LIBCRYPTSETUP +GCRYPT +GNUTLS +ACL +XZ +LZ4 +SECCOMP +BLKID +ELFUTILS +KMOD -IDN2 +IDN -PCRE2 default-hierarchy=hybrid)
[    5.663448] systemd[1]: Detected virtualization oracle.
[    5.664059] systemd[1]: Detected architecture x86-64.

Welcome to [1mUbuntu 18.04.6 LTS[0m!

[    5.667684] systemd[1]: Set hostname to <ubuntu-bionic>.
[    5.850353] systemd[1]: Created slice System Slice.
[[0;32m  OK  [0m] Created slice System Slice.
[    5.851543] systemd[1]: Listening on Journal Audit Socket.
[[0;32m  OK  [0m] Listening on Journal Audit Socket.
[    5.852897] systemd[1]: Created slice User and Session Slice.
[[0;32m  OK  [0m] Created slice User and Session Slice.
[    5.854127] systemd[1]: Listening on /dev/initctl Compatibility Named Pipe.
[[0;32m  OK  [0m] Listening on /dev/initctl Compatibility Named Pipe.
[    5.855559] systemd[1]: Listening on Network Service Netlink Socket.
[[0;32m  OK  [0m] Listening on Network Service Netlink Socket.
[    5.857061] systemd[1]: Created slice system-serial\x2dgetty.slice.
[[0;32m  OK  [0m] Created slice system-serial\x2dgetty.slice.
[[0;32m  OK  [0m] Listening on Syslog Socket.
[[0;32m  OK  [0m] Listening on Device-mapper event daemon FIFOs.
[[0;32m  OK  [0m] Reached target User and Group Name Lookups.
[[0;32m  OK  [0m] Reached target Swap.
[[0;32m  OK  [0m] Listening on udev Control Socket.
[[0;32m  OK  [0m] Reached target Slices.
[[0;32m  OK  [0m] Listening on LVM2 poll daemon socket.
[[0;32m  OK  [0m] Listening on Journal Socket (/dev/log).
[[0;32m  OK  [0m] Listening on LVM2 metadata daemon socket.
[[0;32m  OK  [0m] Reached target Mounting snaps.
[[0;32m  OK  [0m] Set up automount Arbitrary Executab…rmats File System Automount Point.
[[0;32m  OK  [0m] Reached target Mounted snaps.
[[0;32m  OK  [0m] Started Forward Password Requests to Wall Directory Watch.
[[0;32m  OK  [0m] Reached target System Time Synchronized.
[[0;32m  OK  [0m] Listening on fsck to fsckd communication Socket.
[[0;32m  OK  [0m] Listening on Journal Socket.
         Starting Set the console keyboard layout...
         Starting Uncomplicated firewall...
         Starting Load Kernel Modules...
         Mounting Huge Pages File System...
         Starting Journal Service...
         Mounting POSIX Message Queue File System...
         Mounting Kernel Debug File System...
         Starting Create list of required st…ce nodes for the current kernel...
         Starting Monitoring of LVM2 mirrors…ng dmeventd or progress polling...
         Starting File System Check on Root Device...
[[0;32m  OK  [0m] Listening on udev Kernel Socket.
         Starting udev Coldplug all Devices...
[[0;32m  OK  [0m] Started Uncomplicated firewall.
[    5.893866] Loading iSCSI transport class v2.0-870.
[    5.897937] iscsi: registered transport (tcp)
[    5.908540] iscsi: registered transport (iser)
[[0;32m  OK  [0m] Started Load Kernel Modules.
         Starting Apply Kernel Variables...
         Mounting Kernel Configuration File System...
         Mounting FUSE Control File System...
[[0;32m  OK  [0m] Started udev Coldplug all Devices.
[[0;32m  OK  [0m] Started Create list of required sta…vice nodes for the current kernel.
         Starting Create Static Device Nodes in /dev...
[[0;32m  OK  [0m] Started Journal Service.
[[0;32m  OK  [0m] Started LVM2 metadata daemon.
[[0;32m  OK  [0m] Started File System Check Daemon to report status.
[[0;32m  OK  [0m] Mounted Kernel Debug File System.
[[0;32m  OK  [0m] Mounted Kernel Configuration File System.
[[0;32m  OK  [0m] Mounted FUSE Control File System.
[[0;32m  OK  [0m] Mounted Huge Pages File System.
[[0;32m  OK  [0m] Mounted POSIX Message Queue File System.
[[0;32m  OK  [0m] Started Create Static Device Nodes in /dev.
[[0;32m  OK  [0m] Started Apply Kernel Variables.
[[0;32m  OK  [0m] Started Monitoring of LVM2 mirrors,…sing dmeventd or progress polling.
[[0;32m  OK  [0m] Started File System Check on Root Device.
         Starting Remount Root and Kernel File Systems...
[[0;32m  OK  [0m] Started Remount Root and Kernel File Systems.
         Starting Load/Save Random Seed...
         Starting udev Kernel Device Manager...
         Starting Flush Journal to Persistent Storage...
[[0;32m  OK  [0m] Started Load/Save Random Seed.
[[0;32m  OK  [0m] Started udev Kernel Device Manager.
[[0;32m  OK  [0m] Started Flush Journal to Persistent Storage.
[[0;32m  OK  [0m] Found device /dev/ttyS0.
[[0;32m  OK  [0m] Listening on Load/Save RF Kill Switch Status /dev/rfkill Watch.
         Mounting Arbitrary Executable File Formats File System...
[[0;32m  OK  [0m] Mounted Arbitrary Executable File Formats File System.
[[0;32m  OK  [0m] Started Set the console keyboard layout.
[[0;32m  OK  [0m] Reached target Local File Systems (Pre).
[[0;32m  OK  [0m] Reached target Local File Systems.
         Starting Set console font and keymap...
         Starting Tell Plymouth To Write Out Runtime Data...
         Starting Create Volatile Files and Directories...
         Starting AppArmor initialization...
         Starting ebtables ruleset management...
[[0;32m  OK  [0m] Started Dispatch Password Requests to Console Directory Watch.
[[0;32m  OK  [0m] Reached target Local Encrypted Volumes.
[[0;32m  OK  [0m] Started Set console font and keymap.
[[0;32m  OK  [0m] Started Create Volatile Files and Directories.
         Starting Update UTMP about System Boot/Shutdown...
[[0;32m  OK  [0m] Started Tell Plymouth To Write Out Runtime Data.
[[0;32m  OK  [0m] Started Update UTMP about System Boot/Shutdown.
[[0;32m  OK  [0m] Started ebtables ruleset management.
[[0;32m  OK  [0m] Started AppArmor initialization.
         Starting Load AppArmor profiles managed internally by snapd...
         Starting Initial cloud-init job (pre-networking)...
[[0;32m  OK  [0m] Started Load AppArmor profiles managed internally by snapd.
[    7.727268] cloud-init[693]: Cloud-init v. 23.1.1-0ubuntu0~18.04.1 running 'init-local' at Mon, 03 Apr 2023 03:58:21 +0000. Up 7.57 seconds.
[[0;32m  OK  [0m] Started Initial cloud-init job (pre-networking).
[[0;32m  OK  [0m] Reached target Network (Pre).
         Starting Network Service...
[[0;32m  OK  [0m] Started Network Service.
         Starting Wait for Network to be Configured...
         Starting Network Name Resolution...
[[0;32m  OK  [0m] Started Network Name Resolution.
[[0;32m  OK  [0m] Reached target Network.
[[0;32m  OK  [0m] Reached target Host and Network Name Lookups.
[[0;32m  OK  [0m] Started Wait for Network to be Configured.
         Starting Initial cloud-init job (metadata service crawler)...
[   10.072769] cloud-init[793]: Cloud-init v. 23.1.1-0ubuntu0~18.04.1 running 'init' at Mon, 03 Apr 2023 03:58:23 +0000. Up 9.98 seconds.
[   10.074997] cloud-init[793]: ci-info: ++++++++++++++++++++++++++++++++++++++Net device info+++++++++++++++++++++++++++++++++++++++
[   10.076010] cloud-init[793]: ci-info: +--------+------+-----------------------------+---------------+--------+-------------------+
[   10.076973] cloud-init[793]: ci-info: | Device |  Up  |           Address           |      Mask     | Scope  |     Hw-Address    |
[   10.078020] cloud-init[793]: ci-info: +--------+------+-----------------------------+---------------+--------+-------------------+
[   10.079006] cloud-init[793]: ci-info: | enp0s3 | True |          10.0.2.15          | 255.255.255.0 | global | 02:68:0a:01:d2:87 |
[   10.079951] cloud-init[793]: ci-info: | enp0s3 | True |  fe80::68:aff:fe01:d287/64  |       .       |  link  | 02:68:0a:01:d2:87 |
[   10.080977] cloud-init[793]: ci-info: | enp0s8 | True |        192.168.56.12        | 255.255.255.0 | global | 08:00:27:35:1c:e4 |
[   10.081993] cloud-init[793]: ci-info: | enp0s8 | True | fe80::a00:27ff:fe35:1ce4/64 |       .       |  link  | 08:00:27:35:1c:e4 |
[   10.082975] cloud-init[793]: ci-info: |   lo   | True |          127.0.0.1          |   255.0.0.0   |  host  |         .         |
[   10.083958] cloud-init[793]: ci-info: |   lo   | True |           ::1/128           |       .       |  host  |         .         |
[   10.084945] cloud-init[793]: ci-info: +--------+------+-----------------------------+---------------+--------+-------------------+
[   10.085934] cloud-init[793]: ci-info: +++++++++++++++++++++++++++++Route IPv4 info+++++++++++++++++++++++++++++
[   10.086831] cloud-init[793]: ci-info: +-------+--------------+----------+-----------------+-----------+-------+
[   10.087669] cloud-init[793]: ci-info: | Route | Destination  | Gateway  |     Genmask     | Interface | Flags |
[   10.089533] cloud-init[793]: ci-info: +-------+--------------+----------+-----------------+-----------+-------+
[   10.090373] cloud-init[793]: ci-info: |   0   |   0.0.0.0    | 10.0.2.2 |     0.0.0.0     |   enp0s3  |   UG  |
[   10.091218] cloud-init[793]: ci-info: |   1   |   10.0.2.0   | 0.0.0.0  |  255.255.255.0  |   enp0s3  |   U   |
[   10.092109] cloud-init[793]: ci-info: |   2   |   10.0.2.2   | 0.0.0.0  | 255.255.255.255 |   enp0s3  |   UH  |
[   10.092960] cloud-init[793]: ci-info: |   3   | 192.168.56.0 | 0.0.0.0  |  255.255.255.0  |   enp0s8  |   U   |
[   10.093869] cloud-init[793]: ci-info: +-------+--------------+----------+-----------------+-----------+-------+
[   10.094770] cloud-init[793]: ci-info: +++++++++++++++++++Route IPv6 info+++++++++++++++++++
[   10.095498] cloud-init[793]: ci-info: +-------+-------------+---------+-----------+-------+
[   10.096240] cloud-init[793]: ci-info: | Route | Destination | Gateway | Interface | Flags |
[   10.096963] cloud-init[793]: ci-info: +-------+-------------+---------+-----------+-------+
[   10.097722] cloud-init[793]: ci-info: |   1   |  fe80::/64  |    ::   |   enp0s3  |   U   |
[   10.098439] cloud-init[793]: ci-info: |   2   |  fe80::/64  |    ::   |   enp0s8  |   U   |
[   10.099150] cloud-init[793]: ci-info: |   4   |    local    |    ::   |   enp0s3  |   U   |
[   10.099869] cloud-init[793]: ci-info: |   5   |    local    |    ::   |   enp0s8  |   U   |
[   10.100605] cloud-init[793]: ci-info: |   6   |   ff00::/8  |    ::   |   enp0s3  |   U   |
[   10.101525] cloud-init[793]: ci-info: |   7   |   ff00::/8  |    ::   |   enp0s8  |   U   |
[   10.102265] cloud-init[793]: ci-info: +-------+-------------+---------+-----------+-------+
[[0;32m  OK  [0m] Started Initial cloud-init job (metadata service crawler).
[[0;32m  OK  [0m] Reached target Network is Online.
[[0;32m  OK  [0m] Reached target Remote File Systems (Pre).
[[0;32m  OK  [0m] Reached target Remote File Systems.
         Starting Availability of block devices...
[[0;32m  OK  [0m] Reached target Cloud-config availability.
[[0;32m  OK  [0m] Reached target System Initialization.
         Starting Socket activation for snappy daemon.
[[0;32m  OK  [0m] Listening on Open-iSCSI iscsid Socket.
[[0;32m  OK  [0m] Started Discard unused blocks once a week.
[[0;32m  OK  [0m] Started Ubuntu Advantage Timer for running repeated jobs.
[[0;32m  OK  [0m] Started Message of the Day.
[[0;32m  OK  [0m] Started ACPI Events Check.
[[0;32m  OK  [0m] Listening on D-Bus System Message Bus Socket.
[[0;32m  OK  [0m] Listening on cloud-init hotplug hook socket.
[[0;32m  OK  [0m] Listening on UUID daemon activation socket.
[[0;32m  OK  [0m] Started Daily apt download activities.
[[0;32m  OK  [0m] Started Daily apt upgrade and clean activities.
[[0;32m  OK  [0m] Started Daily Cleanup of Temporary Directories.
[[0;32m  OK  [0m] Reached target Timers.
[[0;32m  OK  [0m] Reached target Paths.
[[0;32m  OK  [0m] Listening on ACPID Listen Socket.
         Starting LXD - unix socket.
[[0;32m  OK  [0m] Listening on Socket activation for snappy daemon.
[[0;32m  OK  [0m] Listening on LXD - unix socket.
[[0;32m  OK  [0m] Reached target Sockets.
[[0;32m  OK  [0m] Reached target Basic System.
[[0;32m  OK  [0m] Started D-Bus System Message Bus.
         Starting Virtualbox guest utils...
         Starting Accounts Service...
         Starting Dispatcher daemon for systemd-networkd...
         Starting LXD - container startup/shutdown...
         Starting System Logging Service...
         Starting Login Service...
         Starting LSB: automatic crash report generation...
[[0;32m  OK  [0m] Reached target Login Prompts (Pre).
         Starting The Apache HTTP Server...
         Starting Snap Daemon...
         Starting Permit User Sessions...
[[0;32m  OK  [0m] Started FUSE filesystem for LXC.
[[0;32m  OK  [0m] Started Deferred execution scheduler.
         Starting OpenBSD Secure Shell server...
         Starting LSB: Record successful boot for GRUB...
[[0;32m  OK  [0m] Started Regular background program processing daemon.
[[0;32m  OK  [0m] Started irqbalance daemon.
[[0;32m  OK  [0m] Started Availability of block devices.
[[0;32m  OK  [0m] Started System Logging Service.
[[0;32m  OK  [0m] Started Permit User Sessions.
         Starting Hold until boot process finishes up...
         Starting Terminate Plymouth Boot Screen...
[[0;32m  OK  [0m] Started Hold until boot process finishes up.
         Starting Set console scheme...
[[0;32m  OK  [0m] Started Serial Getty on ttyS0.
[[0;32m  OK  [0m] Started Terminate Plymouth Boot Screen.
[[0;32m  OK  [0m] Started Login Service.
[[0;32m  OK  [0m] Started Unattended Upgrades Shutdown.
[[0;32m  OK  [0m] Started Set console scheme.
[[0;32m  OK  [0m] Created slice system-getty.slice.
[[0;32m  OK  [0m] Started Getty on tty1.
[[0;32m  OK  [0m] Reached target Login Prompts.
         Starting Authorization Manager...
[[0;32m  OK  [0m] Started OpenBSD Secure Shell server.
[[0;32m  OK  [0m] Started LSB: automatic crash report generation.
[[0;32m  OK  [0m] Started Virtualbox guest utils.
[[0;32m  OK  [0m] Started LSB: Record successful boot for GRUB.
[[0;32m  OK  [0m] Started LXD - container startup/shutdown.
[[0;32m  OK  [0m] Started Authorization Manager.
[[0;32m  OK  [0m] Started Accounts Service.
[[0;32m  OK  [0m] Started The Apache HTTP Server.
[[0;32m  OK  [0m] Started Dispatcher daemon for systemd-networkd.
[[0;32m  OK  [0m] Started Snap Daemon.
         Starting Wait until snapd is fully seeded...
         Starting Time & Date Service...
[[0;32m  OK  [0m] Started Time & Date Service.
[[0;32m  OK  [0m] Started Wait until snapd is fully seeded.
         Starting Apply the settings specified in cloud-config...
[   11.446368] cloud-init[1336]: Cloud-init v. 23.1.1-0ubuntu0~18.04.1 running 'modules:config' at Mon, 03 Apr 2023 03:58:25 +0000. Up 11.38 seconds.
[[0;32m  OK  [0m] Started Apply the settings specified in cloud-config.
[[0;32m  OK  [0m] Reached target Multi-User System.
         Starting Execute cloud user/final scripts...
[[0;32m  OK  [0m] Reached target Graphical Interface.
         Starting Update UTMP about System Runlevel Changes...
[[0;32m  OK  [0m] Started Update UTMP about System Runlevel Changes.
[   11.830516] cloud-init[1378]: Cloud-init v. 23.1.1-0ubuntu0~18.04.1 running 'modules:final' at Mon, 03 Apr 2023 03:58:25 +0000. Up 11.74 seconds.
[   11.831832] cloud-init[1378]: Cloud-init v. 23.1.1-0ubuntu0~18.04.1 finished at Mon, 03 Apr 2023 03:58:25 +0000. Datasource DataSourceNoCloud [seed=/dev/sdb][dsmode=net].  Up 11.82 seconds
[[0;32m  OK  [0m] Started Execute cloud user/final scripts.
[[0;32m  OK  [0m] Reached target Cloud-init target.

Ubuntu 18.04.6 LTS ubuntu-bionic ttyS0

ubuntu-bionic login: 