[    0.000000] Linux version 4.15.0-208-generic (buildd@lcy02-amd64-015) (gcc version 7.5.0 (Ubuntu 7.5.0-3ubuntu1~18.04)) #220-Ubuntu SMP Mon Mar 20 14:27:01 UTC 2023 (Ubuntu 4.15.0-208.220-generic 4.15.18)
[    0.000000] Command line: BOOT_IMAGE=/boot/vmlinuz-4.15.0-208-generic root=LABEL=cloudimg-rootfs ro console=tty1 console=ttyS0
[    0.000000] KERNEL supported cpus:
[    0.000000]   Intel GenuineIntel
[    0.000000]   AMD AuthenticAMD
[    0.000000]   Centaur CentaurHauls
[    0.000000] x86/fpu: Supporting XSAVE feature 0x001: 'x87 floating point registers'
[    0.000000] x86/fpu: Supporting XSAVE feature 0x002: 'SSE registers'
[    0.000000] x86/fpu: Supporting XSAVE feature 0x004: 'AVX registers'
[    0.000000] x86/fpu: xstate_offset[2]:  576, xstate_sizes[2]:  256
[    0.000000] x86/fpu: Enabled xstate features 0x7, context size is 832 bytes, using 'standard' format.
[    0.000000] e820: BIOS-provided physical RAM map:
[    0.000000] BIOS-e820: [mem 0x0000000000000000-0x000000000009fbff] usable
[    0.000000] BIOS-e820: [mem 0x000000000009fc00-0x000000000009ffff] reserved
[    0.000000] BIOS-e820: [mem 0x00000000000f0000-0x00000000000fffff] reserved
[    0.000000] BIOS-e820: [mem 0x0000000000100000-0x000000003ffeffff] usable
[    0.000000] BIOS-e820: [mem 0x000000003fff0000-0x000000003fffffff] ACPI data
[    0.000000] BIOS-e820: [mem 0x00000000fec00000-0x00000000fec00fff] reserved
[    0.000000] BIOS-e820: [mem 0x00000000fee00000-0x00000000fee00fff] reserved
[    0.000000] BIOS-e820: [mem 0x00000000fffc0000-0x00000000ffffffff] reserved
[    0.000000] NX (Execute Disable) protection: active
[    0.000000] SMBIOS 2.5 present.
[    0.000000] DMI: innotek GmbH VirtualBox/VirtualBox, BIOS VirtualBox 12/01/2006
[    0.000000] Hypervisor detected: KVM
[    0.000000] e820: last_pfn = 0x3fff0 max_arch_pfn = 0x400000000
[    0.000000] MTRR: Disabled
[    0.000000] x86/PAT: MTRRs disabled, skipping PAT initialization too.
[    0.000000] CPU MTRRs all blank - virtualized system.
[    0.000000] x86/PAT: Configuration [0-7]: WB  WT  UC- UC  WB  WT  UC- UC  
[    0.000000] found SMP MP-table at [mem 0x0009fff0-0x0009ffff]
[    0.000000] Scanning 1 areas for low memory corruption
[    0.000000] RAMDISK: [mem 0x359c9000-0x36cdbfff]
[    0.000000] ACPI: Early table checksum verification disabled
[    0.000000] ACPI: RSDP 0x00000000000E0000 000024 (v02 VBOX  )
[    0.000000] ACPI: XSDT 0x000000003FFF0030 00003C (v01 VBOX   VBOXXSDT 00000001 ASL  00000061)
[    0.000000] ACPI: FACP 0x000000003FFF00F0 0000F4 (v04 VBOX   VBOXFACP 00000001 ASL  00000061)
[    0.000000] ACPI: DSDT 0x000000003FFF0470 002325 (v02 VBOX   VBOXBIOS 00000002 INTL 20200925)
[    0.000000] ACPI: FACS 0x000000003FFF0200 000040
[    0.000000] ACPI: FACS 0x000000003FFF0200 000040
[    0.000000] ACPI: APIC 0x000000003FFF0240 00005C (v02 VBOX   VBOXAPIC 00000001 ASL  00000061)
[    0.000000] ACPI: SSDT 0x000000003FFF02A0 0001CC (v01 VBOX   VBOXCPUT 00000002 INTL 20200925)
[    0.000000] ACPI: Reserving FACP table memory at [mem 0x3fff00f0-0x3fff01e3]
[    0.000000] ACPI: Reserving DSDT table memory at [mem 0x3fff0470-0x3fff2794]
[    0.000000] ACPI: Reserving FACS table memory at [mem 0x3fff0200-0x3fff023f]
[    0.000000] ACPI: Reserving FACS table memory at [mem 0x3fff0200-0x3fff023f]
[    0.000000] ACPI: Reserving APIC table memory at [mem 0x3fff0240-0x3fff029b]
[    0.000000] ACPI: Reserving SSDT table memory at [mem 0x3fff02a0-0x3fff046b]
[    0.000000] No NUMA configuration found
[    0.000000] Faking a node at [mem 0x0000000000000000-0x000000003ffeffff]
[    0.000000] NODE_DATA(0) allocated [mem 0x3ffc5000-0x3ffeffff]
[    0.000000] kvm-clock: cpu 0, msr 0:3ff44001, primary cpu clock
[    0.000000] kvm-clock: Using msrs 4b564d01 and 4b564d00
[    0.000000] kvm-clock: using sched offset of 3144610467 cycles
[    0.000000] clocksource: kvm-clock: mask: 0xffffffffffffffff max_cycles: 0x1cd42e4dffb, max_idle_ns: 881590591483 ns
[    0.000000] Zone ranges:
[    0.000000]   DMA      [mem 0x0000000000001000-0x0000000000ffffff]
[    0.000000]   DMA32    [mem 0x0000000001000000-0x000000003ffeffff]
[    0.000000]   Normal   empty
[    0.000000]   Device   empty
[    0.000000] Movable zone start for each node
[    0.000000] Early memory node ranges
[    0.000000]   node   0: [mem 0x0000000000001000-0x000000000009efff]
[    0.000000]   node   0: [mem 0x0000000000100000-0x000000003ffeffff]
[    0.000000] Reserved but unavailable: 104 pages
[    0.000000] Initmem setup node 0 [mem 0x0000000000001000-0x000000003ffeffff]
[    0.000000] ACPI: PM-Timer IO Port: 0x4008
[    0.000000] IOAPIC[0]: apic_id 2, version 32, address 0xfec00000, GSI 0-23
[    0.000000] ACPI: INT_SRC_OVR (bus 0 bus_irq 0 global_irq 2 dfl dfl)
[    0.000000] ACPI: INT_SRC_OVR (bus 0 bus_irq 9 global_irq 9 low level)
[    0.000000] Using ACPI (MADT) for SMP configuration information
[    0.000000] smpboot: Allowing 2 CPUs, 0 hotplug CPUs
[    0.000000] PM: Registered nosave memory: [mem 0x00000000-0x00000fff]
[    0.000000] PM: Registered nosave memory: [mem 0x0009f000-0x0009ffff]
[    0.000000] PM: Registered nosave memory: [mem 0x000a0000-0x000effff]
[    0.000000] PM: Registered nosave memory: [mem 0x000f0000-0x000fffff]
[    0.000000] e820: [mem 0x40000000-0xfebfffff] available for PCI devices
[    0.000000] Booting paravirtualized kernel on KVM
[    0.000000] clocksource: refined-jiffies: mask: 0xffffffff max_cycles: 0xffffffff, max_idle_ns: 7645519600211568 ns
[    0.000000] setup_percpu: NR_CPUS:8192 nr_cpumask_bits:2 nr_cpu_ids:2 nr_node_ids:1
[    0.000000] percpu: Embedded 50 pages/cpu s167936 r8192 d28672 u1048576
[    0.000000] PV qspinlock hash table entries: 256 (order: 0, 4096 bytes)
[    0.000000] Built 1 zonelists, mobility grouping on.  Total pages: 257913
[    0.000000] Policy zone: DMA32
[    0.000000] Kernel command line: BOOT_IMAGE=/boot/vmlinuz-4.15.0-208-generic root=LABEL=cloudimg-rootfs ro console=tty1 console=ttyS0
[    0.000000] Memory: 982640K/1048120K available (12300K kernel code, 2477K rwdata, 4324K rodata, 2480K init, 2720K bss, 65480K reserved, 0K cma-reserved)
[    0.000000] SLUB: HWalign=64, Order=0-3, MinObjects=0, CPUs=2, Nodes=1
[    0.000000] Kernel/User page tables isolation: enabled
[    0.000000] ftrace: allocating 39494 entries in 155 pages
[    0.004000] Hierarchical RCU implementation.
[    0.004000] 	RCU restricting CPUs from NR_CPUS=8192 to nr_cpu_ids=2.
[    0.004000] 	Tasks RCU enabled.
[    0.004000] RCU: Adjusting geometry for rcu_fanout_leaf=16, nr_cpu_ids=2
[    0.004000] NR_IRQS: 524544, nr_irqs: 440, preallocated irqs: 16
[    0.004000] random: crng init done
[    0.004000] Console: colour VGA+ 80x25
[    0.004000] console [tty1] enabled
[    0.004000] console [ttyS0] enabled
[    0.004000] ACPI: Core revision 20170831
[    0.004000] ACPI: 2 ACPI AML tables successfully acquired and loaded
[    0.004000] APIC: Switch to symmetric I/O mode setup
[    0.004000] x2apic enabled
[    0.004000] Switched APIC routing to physical x2apic.
[    0.004000] ..TIMER: vector=0x30 apic1=0 pin1=2 apic2=-1 pin2=-1
[    0.004000] tsc: Detected 2496.004 MHz processor
[    0.004010] Calibrating delay loop (skipped) preset value.. 4992.00 BogoMIPS (lpj=9984016)
[    0.005249] pid_max: default: 32768 minimum: 301
[    0.006044] Security Framework initialized
[    0.006818] Yama: becoming mindful.
[    0.007512] AppArmor: AppArmor initialized
[    0.008172] Dentry cache hash table entries: 131072 (order: 8, 1048576 bytes)
[    0.009501] Inode-cache hash table entries: 65536 (order: 7, 524288 bytes)
[    0.010730] Mount-cache hash table entries: 2048 (order: 2, 16384 bytes)
[    0.012005] Mountpoint-cache hash table entries: 2048 (order: 2, 16384 bytes)
[    0.013510] Last level iTLB entries: 4KB 64, 2MB 8, 4MB 8
[    0.014476] Last level dTLB entries: 4KB 64, 2MB 0, 4MB 0, 1GB 4
[    0.015515] Spectre V1 : Mitigation: usercopy/swapgs barriers and __user pointer sanitization
[    0.016003] Spectre V2 : Mitigation: Retpolines
[    0.016780] Spectre V2 : Spectre v2 / SpectreRSB mitigation: Filling RSB on context switch
[    0.020002] Spectre V2 : Spectre v2 / SpectreRSB : Filling RSB on VMEXIT
[    0.021165] RETBleed: WARNING: Spectre v2 mitigation leaves CPU vulnerable to RETBleed attacks, data leaks possible!
[    0.022987] RETBleed: Vulnerable
[    0.023630] Speculative Store Bypass: Vulnerable
[    0.024108] MDS: Mitigation: Clear CPU buffers
[    0.024905] MMIO Stale Data: Mitigation: Clear CPU buffers
[    0.025882] SRBDS: Unknown: Dependent on hypervisor status
[    0.027055] Freeing SMP alternatives memory: 36K
[    0.138375] smpboot: CPU0: Intel(R) Core(TM) i5-10300H CPU @ 2.50GHz (family: 0x6, model: 0xa5, stepping: 0x2)
[    0.139652] Performance Events: unsupported p6 CPU model 165 no PMU driver, software events only.
[    0.140000] Hierarchical SRCU implementation.
[    0.140000] NMI watchdog: Perf event create on CPU 0 failed with -2
[    0.140001] NMI watchdog: Perf NMI watchdog permanently disabled
[    0.140865] smp: Bringing up secondary CPUs ...
[    0.141510] x86: Booting SMP configuration:
[    0.142059] .... node  #0, CPUs:      #1
[    0.004000] kvm-clock: cpu 1, msr 0:3ff44041, secondary cpu clock
[    0.144013] smp: Brought up 1 node, 2 CPUs
[    0.144623] smpboot: Max logical packages: 1
[    0.145176] smpboot: Total of 2 processors activated (9984.01 BogoMIPS)
[    0.146045] devtmpfs: initialized
[    0.146045] x86/mm: Memory block size: 128MB
[    0.148136] evm: security.selinux
[    0.148608] evm: security.SMACK64
[    0.149057] evm: security.SMACK64EXEC
[    0.149553] evm: security.SMACK64TRANSMUTE
[    0.150068] evm: security.SMACK64MMAP
[    0.150532] evm: security.apparmor
[    0.150984] evm: security.ima
[    0.151458] evm: security.capability
[    0.152053] clocksource: jiffies: mask: 0xffffffff max_cycles: 0xffffffff, max_idle_ns: 7645041785100000 ns
[    0.153257] futex hash table entries: 512 (order: 3, 32768 bytes)
[    0.154006] pinctrl core: initialized pinctrl subsystem
[    0.155134] RTC time:  3:22:16, date: 04/04/23
[    0.156125] NET: Registered protocol family 16
[    0.156796] audit: initializing netlink subsys (disabled)
[    0.157442] audit: type=2000 audit(1680578540.969:1): state=initialized audit_enabled=0 res=1
[    0.157442] cpuidle: using governor ladder
[    0.157442] cpuidle: using governor menu
[    0.157442] ACPI: bus type PCI registered
[    0.160006] acpiphp: ACPI Hot Plug PCI Controller Driver version: 0.5
[    0.160945] PCI: Using configuration type 1 for base access
[    0.161571] HugeTLB registered 2.00 MiB page size, pre-allocated 0 pages
[    0.161571] ACPI: Added _OSI(Module Device)
[    0.164005] ACPI: Added _OSI(Processor Device)
[    0.164615] ACPI: Added _OSI(3.0 _SCP Extensions)
[    0.165188] ACPI: Added _OSI(Processor Aggregator Device)
[    0.165924] ACPI: Added _OSI(Linux-Dell-Video)
[    0.166433] ACPI: Added _OSI(Linux-Lenovo-NV-HDMI-Audio)
[    0.167012] ACPI: Added _OSI(Linux-HPI-Hybrid-Graphics)
[    0.168043] ACPI: Executed 1 blocks of module-level executable AML code
[    0.171032] ACPI: Interpreter enabled
[    0.171462] ACPI: (supports S0 S5)
[    0.171861] ACPI: Using IOAPIC for interrupt routing
[    0.172149] PCI: Using host bridge windows from ACPI; if necessary, use "pci=nocrs" and report a bug
[    0.173392] ACPI: Enabled 2 GPEs in block 00 to 07
[    0.178323] ACPI: PCI Root Bridge [PCI0] (domain 0000 [bus 00-ff])
[    0.178996] acpi PNP0A03:00: _OSC: OS supports [ASPM ClockPM Segments MSI]
[    0.180151] acpi PNP0A03:00: _OSC: not requesting OS control; OS requires [ExtendedConfig ASPM ClockPM MSI]
[    0.181270] acpi PNP0A03:00: fail to add MMCONFIG information, can't access extended PCI configuration space under this bridge.
[    0.182760] PCI host bridge to bus 0000:00
[    0.183629] pci_bus 0000:00: root bus resource [io  0x0000-0x0cf7 window]
[    0.184002] pci_bus 0000:00: root bus resource [io  0x0d00-0xffff window]
[    0.184772] pci_bus 0000:00: root bus resource [mem 0x000a0000-0x000bffff window]
[    0.185594] pci_bus 0000:00: root bus resource [mem 0x40000000-0xfdffffff window]
[    0.186606] pci_bus 0000:00: root bus resource [bus 00-ff]
[    0.189639] pci 0000:00:01.1: legacy IDE quirk: reg 0x10: [io  0x01f0-0x01f7]
[    0.191654] pci 0000:00:01.1: legacy IDE quirk: reg 0x14: [io  0x03f6]
[    0.192000] pci 0000:00:01.1: legacy IDE quirk: reg 0x18: [io  0x0170-0x0177]
[    0.192001] pci 0000:00:01.1: legacy IDE quirk: reg 0x1c: [io  0x0376]
[    0.204095] pci 0000:00:07.0: quirk: [io  0x4000-0x403f] claimed by PIIX4 ACPI
[    0.205056] pci 0000:00:07.0: quirk: [io  0x4100-0x410f] claimed by PIIX4 SMB
[    0.211472] ACPI: PCI Interrupt Link [LNKA] (IRQs 5 9 10 *11)
[    0.212274] ACPI: PCI Interrupt Link [LNKB] (IRQs 5 9 *10 11)
[    0.213034] ACPI: PCI Interrupt Link [LNKC] (IRQs 5 *9 10 11)
[    0.213749] ACPI: PCI Interrupt Link [LNKD] (IRQs 5 9 10 *11)
[    0.214613] SCSI subsystem initialized
[    0.215273] pci 0000:00:02.0: vgaarb: setting as boot VGA device
[    0.215273] pci 0000:00:02.0: vgaarb: VGA device added: decodes=io+mem,owns=io+mem,locks=none
[    0.216006] pci 0000:00:02.0: vgaarb: bridge control possible
[    0.216668] vgaarb: loaded
[    0.217016] ACPI: bus type USB registered
[    0.217485] usbcore: registered new interface driver usbfs
[    0.218090] usbcore: registered new interface driver hub
[    0.220012] usbcore: registered new device driver usb
[    0.220752] EDAC MC: Ver: 3.0.0
[    0.220752] PCI: Using ACPI for IRQ routing
[    0.220752] NetLabel: Initializing
[    0.221085] NetLabel:  domain hash size = 128
[    0.221569] NetLabel:  protocols = UNLABELED CIPSOv4 CALIPSO
[    0.222192] NetLabel:  unlabeled traffic allowed by default
[    0.224050] clocksource: Switched to clocksource kvm-clock
[    0.232548] VFS: Disk quotas dquot_6.6.0
[    0.233027] VFS: Dquot-cache hash table entries: 512 (order 0, 4096 bytes)
[    0.233824] AppArmor: AppArmor Filesystem Enabled
[    0.234553] pnp: PnP ACPI init
[    0.235618] pnp: PnP ACPI: found 3 devices
[    0.243332] clocksource: acpi_pm: mask: 0xffffff max_cycles: 0xffffff, max_idle_ns: 2085701024 ns
[    0.244392] NET: Registered protocol family 2
[    0.244909] IP idents hash table entries: 16384 (order: 5, 131072 bytes)
[    0.246269] TCP established hash table entries: 8192 (order: 4, 65536 bytes)
[    0.247182] TCP bind hash table entries: 8192 (order: 5, 131072 bytes)
[    0.248139] TCP: Hash tables configured (established 8192 bind 8192)
[    0.249052] UDP hash table entries: 512 (order: 2, 16384 bytes)
[    0.249797] UDP-Lite hash table entries: 512 (order: 2, 16384 bytes)
[    0.250609] NET: Registered protocol family 1
[    0.251184] pci 0000:00:00.0: Limiting direct PCI/PCI transfers
[    0.252001] pci 0000:00:01.0: Activating ISA DMA hang workarounds
[    0.252816] pci 0000:00:02.0: Video device with shadowed ROM at [mem 0x000c0000-0x000dffff]
[    0.253933] Unpacking initramfs...
[    0.476014] Freeing initrd memory: 19532K
[    0.476057] clocksource: tsc: mask: 0xffffffffffffffff max_cycles: 0x23fa7af7c80, max_idle_ns: 440795241955 ns
[    0.479857] platform rtc_cmos: registered platform RTC device (no PNP device found)
[    0.480903] Scanning for low memory corruption every 60 seconds
[    0.482102] Initialise system trusted keyrings
[    0.482730] Key type blacklist registered
[    0.483316] workingset: timestamp_bits=36 max_order=18 bucket_order=0
[    0.484906] zbud: loaded
[    0.485630] squashfs: version 4.0 (2009/01/31) Phillip Lougher
[    0.486496] fuse init (API version 7.26)
[    0.488221] Key type asymmetric registered
[    0.488763] Asymmetric key parser 'x509' registered
[    0.489409] Block layer SCSI generic (bsg) driver version 0.4 loaded (major 246)
[    0.490391] io scheduler noop registered
[    0.490917] io scheduler deadline registered
[    0.491537] io scheduler cfq registered (default)
[    0.492456] ACPI: AC Adapter [AC] (on-line)
[    0.493053] input: Power Button as /devices/LNXSYSTM:00/LNXPWRBN:00/input/input0
[    0.494054] ACPI: Power Button [PWRF]
[    0.494583] input: Sleep Button as /devices/LNXSYSTM:00/LNXSLPBN:00/input/input1
[    0.495577] ACPI: Sleep Button [SLPF]
[    0.496757] ACPI: Battery Slot [BAT0] (battery present)
[    0.497477] Serial: 8250/16550 driver, 32 ports, IRQ sharing enabled
[    0.518700] 00:02: ttyS0 at I/O 0x3f8 (irq = 4, base_baud = 115200) is a 16550A
[    0.521196] Linux agpgart interface v0.103
[    0.523247] loop: module loaded
[    0.524148] scsi host0: ata_piix
[    0.524665] scsi host1: ata_piix
[    0.525121] ata1: PATA max UDMA/33 cmd 0x1f0 ctl 0x3f6 bmdma 0xd000 irq 14
[    0.525958] ata2: PATA max UDMA/33 cmd 0x170 ctl 0x376 bmdma 0xd008 irq 15
[    0.526923] tun: Universal TUN/TAP device driver, 1.6
[    0.527699] PPP generic driver version 2.4.2
[    0.528327] ehci_hcd: USB 2.0 'Enhanced' Host Controller (EHCI) Driver
[    0.529166] ehci-pci: EHCI PCI platform driver
[    0.529749] ehci-platform: EHCI generic platform driver
[    0.530416] ohci_hcd: USB 1.1 'Open' Host Controller (OHCI) Driver
[    0.531189] ohci-pci: OHCI PCI platform driver
[    0.531815] ohci-platform: OHCI generic platform driver
[    0.532545] uhci_hcd: USB Universal Host Controller Interface driver
[    0.533477] i8042: PNP: PS/2 Controller [PNP0303:PS2K,PNP0f03:PS2M] at 0x60,0x64 irq 1,12
[    0.534905] serio: i8042 KBD port at 0x60,0x64 irq 1
[    0.535602] serio: i8042 AUX port at 0x60,0x64 irq 12
[    0.536369] mousedev: PS/2 mouse device common for all mice
[    0.537630] input: AT Translated Set 2 keyboard as /devices/platform/i8042/serio0/input/input2
[    0.538791] rtc_cmos rtc_cmos: rtc core: registered rtc_cmos as rtc0
[    0.539623] rtc_cmos rtc_cmos: alarms up to one day, 114 bytes nvram
[    0.540533] i2c /dev entries driver
[    0.541026] device-mapper: uevent: version 1.0.3
[    0.541649] device-mapper: ioctl: 4.37.0-ioctl (2017-09-20) initialised: dm-devel@redhat.com
[    0.542798] ledtrig-cpu: registered to indicate activity on CPUs
[    0.543875] NET: Registered protocol family 10
[    0.547036] Segment Routing with IPv6
[    0.547643] NET: Registered protocol family 17
[    0.548306] Key type dns_resolver registered
[    0.548979] mce: Using 0 MCE banks
[    0.549461] RAS: Correctable Errors collector initialized.
[    0.550171] sched_clock: Marking stable (548959917, 0)->(658381106, -109421189)
[    0.551380] registered taskstats version 1
[    0.551970] Loading compiled-in X.509 certificates
[    0.554364] Loaded X.509 cert 'Build time autogenerated kernel key: 05d3fa630a0ed8a65520e390196b077fd5e65720'
[    0.556087] Loaded X.509 cert 'Canonical Ltd. Live Patch Signing: 14df34d1a87cf37625abec039ef2bf521249b969'
[    0.557547] Loaded X.509 cert 'Canonical Ltd. Kernel Module Signing: 88f752e560a1e0737e31163a466ad7b70a850c19'
[    0.558643] blacklist: Loading compiled-in revocation X.509 certificates
[    0.559386] Loaded X.509 cert 'Canonical Ltd. Secure Boot Signing: 61482aa2830d0ab2ad5af10b7250da9033ddcef0'
[    0.560608] Loaded X.509 cert 'Canonical Ltd. Secure Boot Signing (2017): 242ade75ac4a15e50d50c84b0d45ff3eae707a03'
[    0.561932] Loaded X.509 cert 'Canonical Ltd. Secure Boot Signing (ESM 2018): 365188c1d374d6b07c3c8f240f8ef722433d6a8b'
[    0.563124] Loaded X.509 cert 'Canonical Ltd. Secure Boot Signing (2019): c0746fd6c5da3ae827864651ad66ae47fe24b3e8'
[    0.564426] Loaded X.509 cert 'Canonical Ltd. Secure Boot Signing (2021 v1): a8d54bbb3825cfb94fa13c9f8a594a195c107b8d'
[    0.565594] Loaded X.509 cert 'Canonical Ltd. Secure Boot Signing (2021 v2): 4cf046892d6fd3c9a5b03f98d845f90851dc6a8c'
[    0.566765] Loaded X.509 cert 'Canonical Ltd. Secure Boot Signing (2021 v3): 100437bb6de6e469b581e61cd66bce3ef4ed53af'
[    0.568084] Loaded X.509 cert 'Canonical Ltd. Secure Boot Signing (Ubuntu Core 2019): c1d57b8f6b743f23ee41f4f7ee292f06eecadfb9'
[    0.569500] zswap: loaded using pool lzo/zbud
[    0.572542] Key type big_key registered
[    0.573058] Key type trusted registered
[    0.574744] Key type encrypted registered
[    0.575294] AppArmor: AppArmor sha1 policy hashing enabled
[    0.576040] ima: No TPM chip found, activating TPM-bypass! (rc=-19)
[    0.576789] ima: Allocated hash algorithm: sha1
[    0.577352] evm: HMAC attrs: 0x1
[    0.577902]   Magic number: 3:425:360
[    0.578430] rtc_cmos rtc_cmos: setting system clock to 2023-04-04 03:22:16 UTC (1680578536)
[    0.579591] BIOS EDD facility v0.16 2004-Jun-25, 0 devices found
[    0.580342] EDD information not available.
[    0.710262] Freeing unused kernel image memory: 2480K
[    0.747074] Write protecting the kernel read-only data: 20480k
[    0.750552] Freeing unused kernel image memory: 2008K
[    0.752263] Freeing unused kernel image memory: 1820K
[    0.758924] x86/mm: Checked W+X mappings: passed, no W+X pages found.
[    0.759695] x86/mm: Checking user space page tables
[    0.766172] x86/mm: Checked W+X mappings: passed, no W+X pages found.
Loading, please wait...
starting version 237
[    0.810304] e1000: Intel(R) PRO/1000 Network Driver - version 7.3.21-k8-NAPI
[    0.811288] e1000: Copyright (c) 1999-2006 Intel Corporation.
[    0.820147] Fusion MPT base driver 3.04.20
[    0.820774] Copyright (c) 1999-2008 LSI Corporation
[    0.825240] Fusion MPT SPI Host driver 3.04.20
[    0.831367] AVX2 version of gcm_enc/dec engaged.
[    0.832131] AES CTR mode by8 optimization enabled
[    1.025700] input: ImExPS/2 Generic Explorer Mouse as /devices/platform/i8042/serio1/input/input4
[    1.525157] e1000 0000:00:03.0 eth0: (PCI:33MHz:32-bit) 02:59:f1:88:50:de
[    1.529062] e1000 0000:00:03.0 eth0: Intel(R) PRO/1000 Network Connection
[    1.533560] mptbase: ioc0: Initiating bringup
[    1.845173] ioc0: LSI53C1030 A0: Capabilities={Initiator}
[    4.780977] scsi host2: ioc0: LSI53C1030 A0, FwRev=00000000h, Ports=1, MaxQ=256, IRQ=20
[    4.994120] scsi 2:0:0:0: Direct-Access     VBOX     HARDDISK         1.0  PQ: 0 ANSI: 5
[    5.028305] scsi target2:0:0: Beginning Domain Validation
[    5.036001] scsi target2:0:0: Domain Validation skipping write tests
[    5.039853] scsi target2:0:0: Ending Domain Validation
[    5.040608] scsi target2:0:0: asynchronous
[    5.041652] scsi 2:0:1:0: Direct-Access     VBOX     HARDDISK         1.0  PQ: 0 ANSI: 5
[    5.308123] scsi target2:0:1: Beginning Domain Validation
[    5.310248] scsi target2:0:1: Domain Validation skipping write tests
[    5.311216] scsi target2:0:1: Ending Domain Validation
[    5.312050] scsi target2:0:1: asynchronous
[    5.315933] sd 2:0:0:0: [sda] 83886080 512-byte logical blocks: (42.9 GB/40.0 GiB)
[    5.317193] sd 2:0:0:0: Attached scsi generic sg0 type 0
[    5.318081] sd 2:0:0:0: [sda] Write Protect is off
[    5.318896] sd 2:0:0:0: [sda] Incomplete mode parameter data
[    5.319789] sd 2:0:0:0: [sda] Assuming drive cache: write through
[    5.320802] sd 2:0:1:0: Attached scsi generic sg1 type 0
[    5.321793] sd 2:0:1:0: [sdb] 20480 512-byte logical blocks: (10.5 MB/10.0 MiB)
[    5.323028] sd 2:0:1:0: [sdb] Write Protect is off
[    5.323932] sd 2:0:1:0: [sdb] Incomplete mode parameter data
[    5.324939] sd 2:0:1:0: [sdb] Assuming drive cache: write through
[    5.328811]  sda: sda1
[    5.329961] sd 2:0:0:0: [sda] Attached SCSI disk
[    5.330166] sd 2:0:1:0: [sdb] Attached SCSI disk
[    5.355978] e1000 0000:00:08.0 eth1: (PCI:33MHz:32-bit) 08:00:27:23:2f:6b
[    5.357251] e1000 0000:00:08.0 eth1: Intel(R) PRO/1000 Network Connection
[    5.360262] e1000 0000:00:03.0 enp0s3: renamed from eth0
[    5.391915] e1000 0000:00:08.0 enp0s8: renamed from eth1
Begin: Loading essential drivers ... [    6.752016] raid6: sse2x1   gen() 14897 MB/s
[    6.800089] raid6: sse2x1   xor()  8833 MB/s
[    6.848021] raid6: sse2x2   gen() 18200 MB/s
[    6.896091] raid6: sse2x2   xor() 11889 MB/s
[    6.944092] raid6: sse2x4   gen() 18961 MB/s
[    6.992019] raid6: sse2x4   xor() 11346 MB/s
[    7.040094] raid6: avx2x1   gen() 29495 MB/s
[    7.088085] raid6: avx2x1   xor() 16902 MB/s
[    7.136085] raid6: avx2x2   gen() 33955 MB/s
[    7.184096] raid6: avx2x2   xor() 22001 MB/s
[    7.232096] raid6: avx2x4   gen() 37079 MB/s
[    7.280098] raid6: avx2x4   xor() 21840 MB/s
[    7.280659] raid6: using algorithm avx2x4 gen() 37079 MB/s
[    7.281281] raid6: .... xor() 21840 MB/s, rmw enabled
[    7.281863] raid6: using avx2x2 recovery algorithm
[    7.283536] xor: automatically using best checksumming function   avx       
[    7.285064] async_tx: api initialized (async)
done.
Begin: Running /scripts/init-premount ... done.
Begin: Mounting root file system ... Begin: Running /scripts/local-top ... done.
Begin: Running /scripts/local-premount ... [    7.319129] Btrfs loaded, crc32c=crc32c-intel
Scanning for Btrfs filesystems
done.
Warning: fsck not present, so skipping root file system
[    7.339998] EXT4-fs (sda1): mounted filesystem with ordered data mode. Opts: (null)
done.
Begin: Running /scripts/local-bottom ... done.
Begin: Running /scripts/init-bottom ... done.
[    7.505191] ip_tables: (C) 2000-2006 Netfilter Core Team
[    7.511217] systemd[1]: systemd 237 running in system mode. (+PAM +AUDIT +SELINUX +IMA +APPARMOR +SMACK +SYSVINIT +UTMP +LIBCRYPTSETUP +GCRYPT +GNUTLS +ACL +XZ +LZ4 +SECCOMP +BLKID +ELFUTILS +KMOD -IDN2 +IDN -PCRE2 default-hierarchy=hybrid)
[    7.514170] systemd[1]: Detected virtualization oracle.
[    7.514882] systemd[1]: Detected architecture x86-64.

Welcome to [1mUbuntu 18.04.6 LTS[0m!

[    7.519725] systemd[1]: Set hostname to <ubuntu>.
[    7.521494] systemd[1]: Initializing machine ID from random generator.
[    7.522433] systemd[1]: Installed transient /etc/machine-id file.
[    7.745084] systemd[1]: Reached target System Time Synchronized.
[[0;32m  OK  [0m] Reached target System Time Synchronized.
[    7.747799] systemd[1]: Created slice System Slice.
[[0;32m  OK  [0m] Created slice System Slice.
[    7.749036] systemd[1]: Listening on fsck to fsckd communication Socket.
[[0;32m  OK  [0m] Listening on fsck to fsckd communication Socket.
[    7.750538] systemd[1]: Listening on Network Service Netlink Socket.
[[0;32m  OK  [0m] Listening on Network Service Netlink Socket.
[[0;32m  OK  [0m] Listening on /dev/initctl Compatibility Named Pipe.
[[0;32m  OK  [0m] Listening on Device-mapper event daemon FIFOs.
[[0;32m  OK  [0m] Listening on Journal Audit Socket.
[[0;32m  OK  [0m] Created slice system-serial\x2dgetty.slice.
[[0;32m  OK  [0m] Listening on Journal Socket (/dev/log).
[[0;32m  OK  [0m] Listening on Syslog Socket.
[[0;32m  OK  [0m] Reached target Swap.
[[0;32m  OK  [0m] Listening on Journal Socket.
         Starting Uncomplicated firewall...
         Starting File System Check on Root Device...
         Mounting Kernel Debug File System...
         Mounting Huge Pages File System...
         Starting Journal Service...
[[0;32m  OK  [0m] Listening on LVM2 poll daemon socket.
         Starting Set the console keyboard layout...
[[0;32m  OK  [0m] Listening on udev Control Socket.
         Starting Load Kernel Modules...
[[0;32m  OK  [0m] Started Forward Password Requests to Wall Directory Watch.
[[0;32m  OK  [0m] Set up automount Arbitrary Executab…rmats File System Automount Point.
[[0;32m  OK  [0m] Reached target Mounting snaps.
[[0;32m  OK  [0m] Reached target Mounted snaps.
         Starting Create list of required st…ce nodes for the current kernel...
         Mounting POSIX Message Queue File System...
[[0;32m  OK  [0m] Listening on udev Kernel Socket.
[[0;32m  OK  [0m] Created slice User and Session Slice.
[[0;32m  OK  [0m] Reached target Slices.
[[0;32m  OK  [0m] Reached target User and Group Name Lookups.
[[0;32m  OK  [0m] Listening on LVM2 metadata daemon socket.
         Starting Monitoring of LVM2 mirrors…ng dmeventd or progress polling...
         Starting udev Coldplug all Devices...
[[0;32m  OK  [0m] Started Uncomplicated firewall.
[[0;32m  OK  [0m] Started File System Check Daemon to report status.
[[0;32m  OK  [0m] Mounted Kernel Debug File System.
[[0;32m  OK  [0m] Mounted Huge Pages File System.
[[0;32m  OK  [0m] Mounted POSIX Message Queue File System.
[[0;32m  OK  [0m] Started Journal Service.
[[0;32m  OK  [0m] Started File System Check on Root Device.
         Starting Remount Root and Kernel File Systems...
[    7.825075] Loading iSCSI transport class v2.0-870.
[    7.829383] iscsi: registered transport (tcp)
[[0;32m  OK  [0m] Started Create list of required sta…vice nodes for the current kernel.
         Starting Create Static Device Nodes in /dev...
[[0;32m  OK  [0m] Started LVM2 metadata daemon.
[[0;32m  OK  [0m] Started udev Coldplug all Devices.
[    7.900823] EXT4-fs (sda1): re-mounted. Opts: (null)
[[0;32m  OK  [0m] Started Remount Root and Kernel File Systems.
         Starting Load/Save Random Seed...
         Starting Flush Journal to Persistent Storage...
[[0;32m  OK  [0m] Started Create Static Device Nodes in /dev.
         Starting udev Kernel Device Manager...
[    7.938371] systemd-journald[410]: Received request to flush runtime journal from PID 1
[[0;32m  OK  [0m] Started Load/Save Random Seed.
[    7.949339] iscsi: registered transport (iser)
[[0;32m  OK  [0m] Started Load Kernel Modules.
         Mounting FUSE Control File System...
         Mounting Kernel Configuration File System...
         Starting Apply Kernel Variables...
[[0;32m  OK  [0m] Mounted FUSE Control File System.
[[0;32m  OK  [0m] Mounted Kernel Configuration File System.
[[0;32m  OK  [0m] Started Monitoring of LVM2 mirrors,…sing dmeventd or progress polling.
[[0;32m  OK  [0m] Started udev Kernel Device Manager.
[[0;32m  OK  [0m] Started Apply Kernel Variables.
[[0;32m  OK  [0m] Started Set the console keyboard layout.
[[0;32m  OK  [0m] Started Dispatch Password Requests to Console Directory Watch.
[[0;32m  OK  [0m] Reached target Local Encrypted Volumes.
[[0;32m  OK  [0m] Reached target Local File Systems (Pre).
[[0;32m  OK  [0m] Reached target Local File Systems.
         Starting Commit a transient machine-id on disk...
         Starting Set console font and keymap...
         Starting ebtables ruleset management...
         Starting AppArmor initialization...
         Starting Tell Plymouth To Write Out Runtime Data...
[[0;32m  OK  [0m] Started Flush Journal to Persistent Storage.
         Starting Create Volatile Files and Directories...
[[0;32m  OK  [0m] Started Set console font and keymap.
[[0;32m  OK  [0m] Started Tell Plymouth To Write Out Runtime Data.
[[0;32m  OK  [0m] Started Create Volatile Files and Directories.
         Starting Update UTMP about System Boot/Shutdown...
[[0;32m  OK  [0m] Started Commit a transient machine-id on disk.
[[0;32m  OK  [0m] Started Update UTMP about System Boot/Shutdown.
[[0;32m  OK  [0m] Started ebtables ruleset management.
[[0;32m  OK  [0m] Found device /dev/ttyS0.
[[0;32m  OK  [0m] Listening on Load/Save RF Kill Switch Status /dev/rfkill Watch.
         Mounting Arbitrary Executable File Formats File System...
[[0;32m  OK  [0m] Mounted Arbitrary Executable File Formats File System.
[[0;32m  OK  [0m] Started AppArmor initialization.
         Starting Initial cloud-init job (pre-networking)...
         Starting Load AppArmor profiles managed internally by snapd...
[[0;32m  OK  [0m] Started Load AppArmor profiles managed internally by snapd.
[    9.578866] cloud-init[576]: Cloud-init v. 23.1.1-0ubuntu0~18.04.1 running 'init-local' at Tue, 04 Apr 2023 03:22:25 +0000. Up 9.30 seconds.
[[0;32m  OK  [0m] Started Initial cloud-init job (pre-networking).
[[0;32m  OK  [0m] Reached target Network (Pre).
         Starting Network Service...
[[0;32m  OK  [0m] Started Network Service.
         Starting Wait for Network to be Configured...
         Starting Network Name Resolution...
[[0;32m  OK  [0m] Started Network Name Resolution.
[[0;32m  OK  [0m] Reached target Network.
[[0;32m  OK  [0m] Reached target Host and Network Name Lookups.
[[0;32m  OK  [0m] Started Wait for Network to be Configured.
         Starting Initial cloud-init job (metadata service crawler)...
[   11.927264] cloud-init[711]: Cloud-init v. 23.1.1-0ubuntu0~18.04.1 running 'init' at Tue, 04 Apr 2023 03:22:27 +0000. Up 11.83 seconds.
[   11.929443] cloud-init[711]: ci-info: ++++++++++++++++++++++++++++++++++++++Net device info+++++++++++++++++++++++++++++++++++++++
[   11.930756] cloud-init[711]: ci-info: +--------+-------+----------------------------+---------------+--------+-------------------+
[   11.932082] cloud-init[711]: ci-info: | Device |   Up  |          Address           |      Mask     | Scope  |     Hw-Address    |
[   11.933189] cloud-init[711]: ci-info: +--------+-------+----------------------------+---------------+--------+-------------------+
[   11.934414] cloud-init[711]: ci-info: | enp0s3 |  True |         10.0.2.15          | 255.255.255.0 | global | 02:59:f1:88:50:de |
[   11.935667] cloud-init[711]: ci-info: | enp0s3 |  True | fe80::59:f1ff:fe88:50de/64 |       .       |  link  | 02:59:f1:88:50:de |
[   11.936829] cloud-init[711]: ci-info: | enp0s8 | False |             .              |       .       |   .    | 08:00:27:23:2f:6b |
[   11.937995] cloud-init[711]: ci-info: |   lo   |  True |         127.0.0.1          |   255.0.0.0   |  host  |         .         |
[   11.939224] cloud-init[711]: ci-info: |   lo   |  True |          ::1/128           |       .       |  host  |         .         |
[   11.940435] cloud-init[711]: ci-info: +--------+-------+----------------------------+---------------+--------+-------------------+
[   11.941541] cloud-init[711]: ci-info: ++++++++++++++++++++++++++++Route IPv4 info+++++++++++++++++++++++++++++
[   11.942548] cloud-init[711]: ci-info: +-------+-------------+----------+-----------------+-----------+-------+
[   11.943591] cloud-init[711]: ci-info: | Route | Destination | Gateway  |     Genmask     | Interface | Flags |
[   11.944807] cloud-init[711]: ci-info: +-------+-------------+----------+-----------------+-----------+-------+
[   11.945783] cloud-init[711]: ci-info: |   0   |   0.0.0.0   | 10.0.2.2 |     0.0.0.0     |   enp0s3  |   UG  |
[   11.946752] cloud-init[711]: ci-info: |   1   |   10.0.2.0  | 0.0.0.0  |  255.255.255.0  |   enp0s3  |   U   |
[   11.947768] cloud-init[711]: ci-info: |   2   |   10.0.2.2  | 0.0.0.0  | 255.255.255.255 |   enp0s3  |   UH  |
[   11.948811] cloud-init[711]: ci-info: +-------+-------------+----------+-----------------+-----------+-------+
[   11.949806] cloud-init[711]: ci-info: +++++++++++++++++++Route IPv6 info+++++++++++++++++++
[   11.950654] cloud-init[711]: ci-info: +-------+-------------+---------+-----------+-------+
[   11.951531] cloud-init[711]: ci-info: | Route | Destination | Gateway | Interface | Flags |
[   11.952499] cloud-init[711]: ci-info: +-------+-------------+---------+-----------+-------+
[   11.953380] cloud-init[711]: ci-info: |   1   |  fe80::/64  |    ::   |   enp0s3  |   U   |
[   11.954273] cloud-init[711]: ci-info: |   3   |    local    |    ::   |   enp0s3  |   U   |
[   11.955147] cloud-init[711]: ci-info: |   4   |   ff00::/8  |    ::   |   enp0s3  |   U   |
[   11.956045] cloud-init[711]: ci-info: +-------+-------------+---------+-----------+-------+
[   12.597439] cloud-init[711]: Generating public/private rsa key pair.
[   12.598476] cloud-init[711]: Your identification has been saved in /etc/ssh/ssh_host_rsa_key.
[   12.599716] cloud-init[711]: Your public key has been saved in /etc/ssh/ssh_host_rsa_key.pub.
[   12.600994] cloud-init[711]: The key fingerprint is:
[   12.601830] cloud-init[711]: SHA256:QxONV+Ym00/ceqrBtPhB+/KXxjHrDS6zoFHxGiVxQ0Q root@ubuntu-bionic
[   12.602951] cloud-init[711]: The key's randomart image is:
[   12.615723] cloud-init[711]: +---[RSA 2048]----+
[   12.616411] cloud-init[711]: |        .o.=E    |
[   12.617061] cloud-init[711]: |        ..o* o . |
[   12.617710] cloud-init[711]: |        o.= = o .|
[   12.618337] cloud-init[711]: |       . . O o . |
[   12.618983] cloud-init[711]: |        S o + o .|
[   12.619637] cloud-init[711]: |         o B o = |
[   12.620339] cloud-init[711]: |        . + * + =|
[   12.620974] cloud-init[711]: |         o o+* *o|
[   12.621563] cloud-init[711]: |        .   +**o.|
[   12.622172] cloud-init[711]: +----[SHA256]-----+
[   12.622768] cloud-init[711]: Generating public/private dsa key pair.
[   12.623607] cloud-init[711]: Your identification has been saved in /etc/ssh/ssh_host_dsa_key.
[   12.624604] cloud-init[711]: Your public key has been saved in /etc/ssh/ssh_host_dsa_key.pub.
[   12.625593] cloud-init[711]: The key fingerprint is:
[   12.626282] cloud-init[711]: SHA256:EB92JeURLTon75PlaNatu8PmpTxHiWEWVFfvDC2smfI root@ubuntu-bionic
[   12.627338] cloud-init[711]: The key's randomart image is:
[   12.635602] cloud-init[711]: +---[DSA 1024]----+
[   12.636422] cloud-init[711]: |      . o oo*+..+|
[   12.637234] cloud-init[711]: |       + o o.+..o|
[   12.638015] cloud-init[711]: |      . .  ...= o|
[   12.638718] cloud-init[711]: |       .  + .B = |
[   12.639449] cloud-init[711]: |        S .=* o +|
[   12.640184] cloud-init[711]: |           o.....|
[   12.640983] cloud-init[711]: |           .EB o.|
[   12.641650] cloud-init[711]: |            B.Boo|
[   12.642332] cloud-init[711]: |           o +BB |
[   12.643085] cloud-init[711]: +----[SHA256]-----+
[   12.643878] cloud-init[711]: Generating public/private ecdsa key pair.
[   12.644876] cloud-init[711]: Your identification has been saved in /etc/ssh/ssh_host_ecdsa_key.
[   12.646164] cloud-init[711]: Your public key has been saved in /etc/ssh/ssh_host_ecdsa_key.pub.
[   12.647424] cloud-init[711]: The key fingerprint is:
[   12.648393] cloud-init[711]: SHA256:hqHehEYxsdsQ8aIZ9tCt0wSDuM+E+oGqJuZJ+Y1dLmA root@ubuntu-bionic
[   12.649765] cloud-init[711]: The key's randomart image is:
[   12.650664] cloud-init[711]: +---[ECDSA 256]---+
[   12.651463] cloud-init[711]: | . .Oo           |
[   12.652307] cloud-init[711]: |. .. X           |
[   12.653105] cloud-init[711]: | o+ * =          |
[   12.653888] cloud-init[711]: |o..B @ o         |
[   12.654695] cloud-init[711]: |.=o O = S        |
[   12.655516] cloud-init[711]: |o =E + .         |
[   12.656237] cloud-init[711]: |.+..o ..         |
[   12.656947] cloud-init[711]: |+o+ +.o          |
[   12.657647] cloud-init[711]: |Bo o o..         |
[   12.658362] cloud-init[711]: +----[SHA256]-----+
[   12.659138] cloud-init[711]: Generating public/private ed25519 key pair.
[   12.660201] cloud-init[711]: Your identification has been saved in /etc/ssh/ssh_host_ed25519_key.
[   12.661422] cloud-init[711]: Your public key has been saved in /etc/ssh/ssh_host_ed25519_key.pub.
[   12.662610] cloud-init[711]: The key fingerprint is:
[   12.663338] cloud-init[711]: SHA256:Fcbi9lFBNHY1LIThVm9sF7Xen9YyKQ3UpE+bzzRvUb0 root@ubuntu-bionic
[   12.664431] cloud-init[711]: The key's randomart image is:
[   12.665269] cloud-init[711]: +--[ED25519 256]--+
[   12.666051] cloud-init[711]: |         .o+X++++|
[   12.666833] cloud-init[711]: |        ..o+oBo.=|
[   12.667653] cloud-init[711]: |       . ..+o +*+|
[   12.668492] cloud-init[[0;32m  OK  [0m] Started Initial cloud-init job (metadata service crawler).
[[0;32m  OK  [0m] Reached target System Initialization.
[[0;32m  OK  [0m] Listening on cloud-init hotplug hook socket.
[711]: |        o.o. o+o=|         Starting Socket activation for snappy daemon.
[[0;32m  OK  [0m] Listening on ACPID Listen Socket.

         Starting LXD - unix socket.
[[0;32m  OK  [0m] Listening on UUID daemon activation socket.
[[0;32m  OK  [0m] Started ACPI Events Check.
[[0;32m  OK  [0m] Reached target Paths.
[[0;32m  OK  [0m] Started Ubuntu Advantage Timer for running repeated jobs.
[[0;32m  OK  [0m] Listening on D-Bus System Message Bus Socket.
[[0;32m  OK  [0m] Started Message of the Day.
[[0;32m  OK  [0m] Listening on Open-iSCSI iscsid Socket.
[   12.679741] [[0;32m  OK  [0m] Started Daily apt download activities.
[[0;32m  OK  [0m] Started Daily apt upgrade and clean activities.
[[0;32m  OK  [0m] Started Discard unused blocks once a week.
cloud-init[711]: |       .S. .. +Eo|
[[0;32m  OK  [0m] Started Daily Cleanup of Temporary Directories.
[   12.686497] [[0;32m  OK  [0m] Reached target Timers.
[[0;32m  OK  [0m] Reached target Network is Online.
cloud-init[711]: |          .  o =B|
[   12.688405] cloud-init[711]:          Starting Availability of block devices...
[[0;32m  OK  [0m] Reached target Remote File Systems (Pre).
[[0;32m  OK  [0m] Reached target Remote File Systems.
[[0;32m  OK  [0m] Reached target Cloud-config availability.
[[0;32m  OK  [0m] Listening on Socket activation for snappy daemon.
[[0;32m  OK  [0m] Listening on LXD - unix socket.
[[0;32m  OK  [0m] Reached target Sockets.
[[0;32m  OK  [0m] Reached target Basic System.
         Starting Virtualbox guest utils...
|            . =oB|
[   12.694960]          Starting Accounts Service...
         Starting Login Service...
cloud-init[711]: |             ..+ |
[   12.703351] cloud-init[711]: |                 |
         Starting Snap Daemon...
[   12.706784] [[0;32m  OK  [0m] Started FUSE filesystem for LXC.
cloud-init[711]: +----[SHA256]-----+         Starting Permit User Sessions...
[[0;32m  OK  [0m] Started D-Bus System Message Bus.

[[0;32m  OK  [0m] Reached target Login Prompts (Pre).
[[0;32m  OK  [0m] Started irqbalance daemon.
         Starting Dispatcher daemon for systemd-networkd...
         Starting LXD - container startup/shutdown...
         Starting LSB: automatic crash report generation...
         Starting LSB: Record successful boot for GRUB...
         Starting Pollinate to seed the pseudo random number generator...
[[0;32m  OK  [0m] Started Regular background program processing daemon.
[[0;32m  OK  [0m] Started Deferred execution scheduler.
         Starting System Logging Service...
[[0;32m  OK  [0m] Started Availability of block devices.
[[0;32m  OK  [0m] Started Permit User Sessions.
[[0;32m  OK  [0m] Started Login Service.
[[0;32m  OK  [0m] Started System Logging Service.
         Starting Authorization Manager...
[[0;32m  OK  [0m] Started Unattended Upgrades Shutdown.
         Starting Hold until boot process finishes up...
         Starting Terminate Plymouth Boot Screen...
[[0;32m  OK  [0m] Started Hold until boot process finishes up.
[[0;32m  OK  [0m] Started Serial Getty on ttyS0.
         Starting Set console scheme...
[[0;32m  OK  [0m] Started Terminate Plymouth Boot Screen.
[[0;32m  OK  [0m] Started Set console scheme.
[[0;32m  OK  [0m] Created slice system-getty.slice.
[[0;32m  OK  [0m] Started Getty on tty1.
[[0;32m  OK  [0m] Reached target Login Prompts.
[[0;32m  OK  [0m] Started LSB: automatic crash report generation.
[[0;32m  OK  [0m] Started LSB: Record successful boot for GRUB.
[[0;32m  OK  [0m] Started Virtualbox guest utils.
[[0;32m  OK  [0m] Started LXD - container startup/shutdown.
[[0;32m  OK  [0m] Started Authorization Manager.
[[0;32m  OK  [0m] Started Accounts Service.
[[0;32m  OK  [0m] Started Dispatcher daemon for systemd-networkd.
[[0;32m  OK  [0m] Started Snap Daemon.
         Starting Wait until snapd is fully seeded...
         Starting Time & Date Service...
[[0;32m  OK  [0m] Started Time & Date Service.
[[0;32m  OK  [0m] Started Pollinate to seed the pseudo random number generator.
         Starting OpenBSD Secure Shell server...
[[0;32m  OK  [0m] Started OpenBSD Secure Shell server.
[[0;32m  OK  [0m] Created slice User Slice of vagrant.
         Starting User Manager for UID 1000...
[[0;32m  OK  [0m] Started Session 1 of user vagrant.
[[0;32m  OK  [0m] Started User Manager for UID 1000.
[[0;32m  OK  [0m] Started Wait until snapd is fully seeded.
         Starting Apply the settings specified in cloud-config...
[   17.080371] cloud-init[1317]: Cloud-init v. 23.1.1-0ubuntu0~18.04.1 running 'modules:config' at Tue, 04 Apr 2023 03:22:32 +0000. Up 16.42 seconds.
[[0;32m  OK  [0m] Started Apply the settings specified in cloud-config.
[[0;32m  OK  [0m] Reached target Multi-User System.
[[0;32m  OK  [0m] Reached target Graphical Interface.
         Starting Update UTMP about System Runlevel Changes...
         Starting Execute cloud user/final scripts...
[[0;32m  OK  [0m] Started Update UTMP about System Runlevel Changes.
ci-info: no authorized SSH keys fingerprints found for user ubuntu.
<14>Apr  4 03:22:33 cloud-init: #############################################################
<14>Apr  4 03:22:33 cloud-init: -----BEGIN SSH HOST KEY FINGERPRINTS-----
<14>Apr  4 03:22:33 cloud-init: 1024 SHA256:EB92JeURLTon75PlaNatu8PmpTxHiWEWVFfvDC2smfI root@ubuntu-bionic (DSA)
<14>Apr  4 03:22:33 cloud-init: 256 SHA256:hqHehEYxsdsQ8aIZ9tCt0wSDuM+E+oGqJuZJ+Y1dLmA root@ubuntu-bionic (ECDSA)
<14>Apr  4 03:22:33 cloud-init: 256 SHA256:Fcbi9lFBNHY1LIThVm9sF7Xen9YyKQ3UpE+bzzRvUb0 root@ubuntu-bionic (ED25519)
<14>Apr  4 03:22:33 cloud-init: 2048 SHA256:QxONV+Ym00/ceqrBtPhB+/KXxjHrDS6zoFHxGiVxQ0Q root@ubuntu-bionic (RSA)
<14>Apr  4 03:22:33 cloud-init: -----END SSH HOST KEY FINGERPRINTS-----
<14>Apr  4 03:22:33 cloud-init: #############################################################
-----BEGIN SSH HOST KEY KEYS-----
ecdsa-sha2-nistp256 AAAAE2VjZHNhLXNoYTItbmlzdHAyNTYAAAAIbmlzdHAyNTYAAABBBJpCHkAfJcFUYJLGJOrspHLLzYEi0NII6E8F/ufJurIPuctK7foWFHyomcRj7tiaY4Xc1XV+cr1S+3clX7eYSXk= root@ubuntu-bionic
ssh-ed25519 AAAAC3NzaC1lZDI1NTE5AAAAIGjqv731mjh7wxCbaBrcL/payTLSMplKgWQLVuyWmn8+ root@ubuntu-bionic
ssh-rsa AAAAB3NzaC1yc2EAAAADAQABAAABAQCyNoK2Qtwdv1b+ybSU4Mgj+wQ5LDfg6CEhE8MWXx56k5oZkjfUIEfVy1EHv75ogWSIPbqvnCIwnF294tAW20973jap/Gyld1VviBY1CE0IGJnnANKmEmBuBi9sTyyNJKQgiUA/5hL7uIykoc1+1uFcd5wAR4PMvuc4WFvwRUSStWSTWx9QQkUAGuIaP+R9puWJ3wGXi5AK8MtupT/TH6Za2PTixCdSS3Od2llLERNQ8LotyUVTF/sMHshL6KxTTJ/hBm4cF5ed4IYOM+l0rayKmdrH3KD2eDAQrND4ITwu8L+fOuFNJxfCKMMZRPNw1af2jmivxIapNk19hn/Q9PQh root@ubuntu-bionic
-----END SSH HOST KEY KEYS-----
[   17.638699] cloud-init[1421]: Cloud-init v. 23.1.1-0ubuntu0~18.04.1 running 'modules:final' at Tue, 04 Apr 2023 03:22:33 +0000. Up 17.49 seconds.
[   17.640274] cloud-init[1421]: Cloud-init v. 23.1.1-0ubuntu0~18.04.1 finished at Tue, 04 Apr 2023 03:22:33 +0000. Datasource DataSourceNoCloud [seed=/dev/sdb][dsmode=net].  Up 17.63 seconds
[[0;32m  OK  [0m] Started Execute cloud user/final scripts.
[[0;32m  OK  [0m] Reached target Cloud-init target.

Ubuntu 18.04.6 LTS ubuntu-bionic ttyS0

ubuntu-bionic login: 